#
# There is insufficient memory for the Java Runtime Environment to continue.
# Native memory allocation (malloc) failed to allocate 1250976 bytes for Chunk::new
# Possible reasons:
#   The system is out of physical RAM or swap space
#   The process is running with CompressedOops enabled, and the Java Heap may be blocking the growth of the native heap
# Possible solutions:
#   Reduce memory load on the system
#   Increase physical memory or swap space
#   Check if swap backing store is full
#   Decrease Java heap size (-Xmx/-Xms)
#   Decrease number of Java threads
#   Decrease Java thread stack sizes (-Xss)
#   Set larger code cache with -XX:ReservedCodeCacheSize=
#   JVM is running with Zero Based Compressed Oops mode in which the Java heap is
#     placed in the first 32GB address space. The Java Heap base address is the
#     maximum limit for the native heap growth. Please use -XX:HeapBaseMinAddress
#     to set the Java Heap base and to place the Java Heap above 32GB virtual address.
# This output file may be truncated or incomplete.
#
#  Out of Memory Error (arena.cpp:189), pid=16852, tid=21640
#
# JRE version: Java(TM) SE Runtime Environment (17.0.11+7) (build 17.0.11+7-LTS-207)
# Java VM: Java HotSpot(TM) 64-Bit Server VM (17.0.11+7-LTS-207, mixed mode, sharing, tiered, compressed oops, compressed class ptrs, g1 gc, windows-amd64)
# No core dump will be written. Minidumps are not enabled by default on client versions of Windows
#

---------------  S U M M A R Y ------------

Command Line: -XX:+ShowCodeDetailsInExceptionMessages -Dspring.jmx.enabled=true -Dmanagement.endpoints.jmx.exposure.include=* -Dspring.application.admin.enabled=true -Dspring.boot.project.name=fidelizacao -Djava.rmi.server.hostname=localhost -Dcom.sun.management.jmxremote.port=45556 -Dcom.sun.management.jmxremote.authenticate=false -Dcom.sun.management.jmxremote.ssl=false com.cleyton.fidelizacao.FidelizacaoApplication

Host: Intel(R) Core(TM) i7-7600U CPU @ 2.80GHz, 4 cores, 15G,  Windows 10 , 64 bit Build 19041 (10.0.19041.5198)
Time: Tue Dec 24 17:23:44 2024 South Africa Standard Time elapsed time: 12.152692 seconds (0d 0h 0m 12s)

---------------  T H R E A D  ---------------

Current thread (0x000001d2e41b4010):  JavaThread "C2 CompilerThread1" daemon [_thread_in_native, id=21640, stack(0x00000094ed200000,0x00000094ed300000)]


Current CompileTask:
C2:  12152 4371   !   4       org.springframework.beans.factory.support.DefaultListableBeanFactory::doGetBeanNamesForType (505 bytes)

Stack: [0x00000094ed200000,0x00000094ed300000]
Native frames: (J=compiled Java code, j=interpreted, Vv=VM code, C=native code)
V  [jvm.dll+0x679cca]
V  [jvm.dll+0x7da13d]
V  [jvm.dll+0x7dba83]
V  [jvm.dll+0x7dc0f3]
V  [jvm.dll+0x2449af]
V  [jvm.dll+0xab83b]
V  [jvm.dll+0xabe1c]
V  [jvm.dll+0x2a9e6f]
V  [jvm.dll+0x5818d9]
V  [jvm.dll+0x21ed62]
V  [jvm.dll+0x21f13f]
V  [jvm.dll+0x218331]
V  [jvm.dll+0x215505]
V  [jvm.dll+0x1a2040]
V  [jvm.dll+0x225a2b]
V  [jvm.dll+0x223bcb]
V  [jvm.dll+0x7903ec]
V  [jvm.dll+0x78a85a]
V  [jvm.dll+0x678bb5]
C  [ucrtbase.dll+0x21bb2]
C  [KERNEL32.DLL+0x17374]
C  [ntdll.dll+0x4cc91]


---------------  P R O C E S S  ---------------

Threads class SMR info:
_java_thread_list=0x000001d2e34d50e0, length=20, elements={
0x000001d2fa288110, 0x000001d2ffe72bf0, 0x000001d2ffe76220, 0x000001d2ffe89550,
0x000001d2ffe8d030, 0x000001d2ffe8d9f0, 0x000001d2ffe8e3b0, 0x000001d2ffe8f0a0,
0x000001d2ffe8fb50, 0x000001d2ffeb9070, 0x000001d29c82d300, 0x000001d29c8efb00,
0x000001d2e2359de0, 0x000001d2e22f5880, 0x000001d2e232c9f0, 0x000001d2e32ca0c0,
0x000001d2e32cc430, 0x000001d2e32c9190, 0x000001d2e32cc940, 0x000001d2e41b4010
}

Java Threads: ( => current thread )
  0x000001d2fa288110 JavaThread "main" [_thread_blocked, id=21096, stack(0x00000094eb800000,0x00000094eb900000)]
  0x000001d2ffe72bf0 JavaThread "Reference Handler" daemon [_thread_blocked, id=944, stack(0x00000094ebf00000,0x00000094ec000000)]
  0x000001d2ffe76220 JavaThread "Finalizer" daemon [_thread_blocked, id=3568, stack(0x00000094ec000000,0x00000094ec100000)]
  0x000001d2ffe89550 JavaThread "Signal Dispatcher" daemon [_thread_blocked, id=17580, stack(0x00000094ec100000,0x00000094ec200000)]
  0x000001d2ffe8d030 JavaThread "Attach Listener" daemon [_thread_blocked, id=20684, stack(0x00000094ec200000,0x00000094ec300000)]
  0x000001d2ffe8d9f0 JavaThread "Service Thread" daemon [_thread_blocked, id=5464, stack(0x00000094ec300000,0x00000094ec400000)]
  0x000001d2ffe8e3b0 JavaThread "Monitor Deflation Thread" daemon [_thread_blocked, id=23304, stack(0x00000094ec400000,0x00000094ec500000)]
  0x000001d2ffe8f0a0 JavaThread "C2 CompilerThread0" daemon [_thread_in_native, id=10356, stack(0x00000094ec500000,0x00000094ec600000)]
  0x000001d2ffe8fb50 JavaThread "C1 CompilerThread0" daemon [_thread_blocked, id=5260, stack(0x00000094ec600000,0x00000094ec700000)]
  0x000001d2ffeb9070 JavaThread "Sweeper thread" daemon [_thread_blocked, id=20000, stack(0x00000094ec700000,0x00000094ec800000)]
  0x000001d29c82d300 JavaThread "Common-Cleaner" daemon [_thread_blocked, id=21956, stack(0x00000094ec800000,0x00000094ec900000)]
  0x000001d29c8efb00 JavaThread "Notification Thread" daemon [_thread_blocked, id=11892, stack(0x00000094ec900000,0x00000094eca00000)]
  0x000001d2e2359de0 JavaThread "RMI TCP Accept-0" daemon [_thread_in_native, id=9500, stack(0x00000094ecd00000,0x00000094ece00000)]
  0x000001d2e22f5880 JavaThread "RMI TCP Accept-45556" daemon [_thread_in_native, id=22452, stack(0x00000094ece00000,0x00000094ecf00000)]
  0x000001d2e232c9f0 JavaThread "RMI TCP Accept-0" daemon [_thread_in_native, id=3172, stack(0x00000094ecf00000,0x00000094ed000000)]
  0x000001d2e32ca0c0 JavaThread "RMI TCP Connection(1)-127.0.0.1" daemon [_thread_in_native, id=21496, stack(0x00000094ed300000,0x00000094ed400000)]
  0x000001d2e32cc430 JavaThread "RMI Scheduler(0)" daemon [_thread_blocked, id=21048, stack(0x00000094ed400000,0x00000094ed500000)]
  0x000001d2e32c9190 JavaThread "RMI TCP Connection(2)-127.0.0.1" daemon [_thread_in_native, id=2912, stack(0x00000094ed500000,0x00000094ed600000)]
  0x000001d2e32cc940 JavaThread "JMX server connection timeout 32" daemon [_thread_blocked, id=21280, stack(0x00000094ed600000,0x00000094ed700000)]
=>0x000001d2e41b4010 JavaThread "C2 CompilerThread1" daemon [_thread_in_native, id=21640, stack(0x00000094ed200000,0x00000094ed300000)]

Other Threads:
  0x000001d2ffe6df90 VMThread "VM Thread" [stack: 0x00000094ebe00000,0x00000094ebf00000] [id=17392]
  0x000001d2e22f62e0 WatcherThread [stack: 0x00000094ed000000,0x00000094ed100000] [id=22624]
  0x000001d2fa2f9930 GCTaskThread "GC Thread#0" [stack: 0x00000094eb900000,0x00000094eba00000] [id=15728]
  0x000001d29cac3930 GCTaskThread "GC Thread#1" [stack: 0x00000094eca00000,0x00000094ecb00000] [id=19416]
  0x000001d2e22c5500 GCTaskThread "GC Thread#2" [stack: 0x00000094ecb00000,0x00000094ecc00000] [id=22792]
  0x000001d2e22c57c0 GCTaskThread "GC Thread#3" [stack: 0x00000094ecc00000,0x00000094ecd00000] [id=6376]
  0x000001d2fa30b2e0 ConcurrentGCThread "G1 Main Marker" [stack: 0x00000094eba00000,0x00000094ebb00000] [id=8560]
  0x000001d2fa30c490 ConcurrentGCThread "G1 Conc#0" [stack: 0x00000094ebb00000,0x00000094ebc00000] [id=19772]
  0x000001d2ffd240d0 ConcurrentGCThread "G1 Refine#0" [stack: 0x00000094ebc00000,0x00000094ebd00000] [id=20648]
  0x000001d2e3270d50 ConcurrentGCThread "G1 Refine#1" [stack: 0x00000094ed800000,0x00000094ed900000] [id=6252]
  0x000001d2ffd24a10 ConcurrentGCThread "G1 Service" [stack: 0x00000094ebd00000,0x00000094ebe00000] [id=7552]

Threads with active compile tasks:
C2 CompilerThread0    12191 4463   !   4       java.lang.reflect.Executable::declaredAnnotations (85 bytes)
C2 CompilerThread1    12191 4371   !   4       org.springframework.beans.factory.support.DefaultListableBeanFactory::doGetBeanNamesForType (505 bytes)

VM state: not at safepoint (normal execution)

VM Mutex/Monitor currently owned by a thread:  ([mutex/lock_event])
[0x000001d2fa283ae0] Heap_lock - owner thread: 0x000001d2fa30b2e0

Heap address: 0x0000000705a00000, size: 4006 MB, Compressed Oops mode: Zero based, Oop shift amount: 3

CDS archive(s) mapped at: [0x000001d29d000000-0x000001d29dbd0000-0x000001d29dbd0000), size 12386304, SharedBaseAddress: 0x000001d29d000000, ArchiveRelocationMode: 1.
Compressed class space mapped at: 0x000001d29e000000-0x000001d2de000000, reserved size: 1073741824
Narrow klass base: 0x000001d29d000000, Narrow klass shift: 0, Narrow klass range: 0x100000000

GC Precious Log:
 CPUs: 4 total, 4 available
 Memory: 16017M
 Large Page Support: Disabled
 NUMA Support: Disabled
 Compressed Oops: Enabled (Zero based)
 Heap Region Size: 2M
 Heap Min Capacity: 8M
 Heap Initial Capacity: 252M
 Heap Max Capacity: 4006M
 Pre-touch: Disabled
 Parallel Workers: 4
 Concurrent Workers: 1
 Concurrent Refinement Workers: 4
 Periodic GC: Disabled

Heap:
 garbage-first heap   total 90112K, used 22731K [0x0000000705a00000, 0x0000000800000000)
  region size 2048K, 3 young (6144K), 2 survivors (4096K)
 Metaspace       used 36234K, committed 36672K, reserved 1114112K
  class space    used 4720K, committed 4928K, reserved 1048576K

Heap Regions: E=young(eden), S=young(survivor), O=old, HS=humongous(starts), HC=humongous(continues), CS=collection set, F=free, OA=open archive, CA=closed archive, TAMS=top-at-mark-start (previous, next)
|   0|0x0000000705a00000, 0x0000000705c00000, 0x0000000705c00000|100%| O|  |TAMS 0x0000000705c00000, 0x0000000705a00000| Untracked 
|   1|0x0000000705c00000, 0x0000000705e00000, 0x0000000705e00000|100%| O|  |TAMS 0x0000000705e00000, 0x0000000705c00000| Untracked 
|   2|0x0000000705e00000, 0x0000000706000000, 0x0000000706000000|100%| O|  |TAMS 0x0000000706000000, 0x0000000705e00000| Untracked 
|   3|0x0000000706000000, 0x0000000706200000, 0x0000000706200000|100%| O|  |TAMS 0x0000000706200000, 0x0000000706000000| Updating 
|   4|0x0000000706200000, 0x0000000706400000, 0x0000000706400000|100%| O|  |TAMS 0x0000000706400000, 0x0000000706200000| Untracked 
|   5|0x0000000706400000, 0x0000000706600000, 0x0000000706600000|100%| O|  |TAMS 0x0000000706600000, 0x0000000706400000| Untracked 
|   6|0x0000000706600000, 0x0000000706800000, 0x0000000706800000|100%| O|  |TAMS 0x0000000706800000, 0x0000000706600000| Untracked 
|   7|0x0000000706800000, 0x0000000706a00000, 0x0000000706a00000|100%| O|  |TAMS 0x0000000706a00000, 0x0000000706800000| Updating 
|   8|0x0000000706a00000, 0x0000000706c00000, 0x0000000706c00000|100%| O|  |TAMS 0x0000000706c00000, 0x0000000706a00000| Updating 
|   9|0x0000000706c00000, 0x0000000706d9de00, 0x0000000706e00000| 80%| O|  |TAMS 0x0000000706c26800, 0x0000000706c00000| Updating 
|  10|0x0000000706e00000, 0x0000000706e00000, 0x0000000707000000|  0%| F|  |TAMS 0x0000000706e00000, 0x0000000706e00000| Untracked 
|  11|0x0000000707000000, 0x0000000707000000, 0x0000000707200000|  0%| F|  |TAMS 0x0000000707000000, 0x0000000707000000| Untracked 
|  12|0x0000000707200000, 0x0000000707200000, 0x0000000707400000|  0%| F|  |TAMS 0x0000000707200000, 0x0000000707200000| Untracked 
|  13|0x0000000707400000, 0x0000000707400000, 0x0000000707600000|  0%| F|  |TAMS 0x0000000707400000, 0x0000000707400000| Untracked 
|  14|0x0000000707600000, 0x0000000707600000, 0x0000000707800000|  0%| F|  |TAMS 0x0000000707600000, 0x0000000707600000| Untracked 
|  15|0x0000000707800000, 0x0000000707800000, 0x0000000707a00000|  0%| F|  |TAMS 0x0000000707800000, 0x0000000707800000| Untracked 
|  16|0x0000000707a00000, 0x0000000707a00000, 0x0000000707c00000|  0%| F|  |TAMS 0x0000000707a00000, 0x0000000707a00000| Untracked 
|  17|0x0000000707c00000, 0x0000000707c00000, 0x0000000707e00000|  0%| F|  |TAMS 0x0000000707c00000, 0x0000000707c00000| Untracked 
|  18|0x0000000707e00000, 0x0000000707e95120, 0x0000000708000000| 29%| S|CS|TAMS 0x0000000707e00000, 0x0000000707e00000| Complete 
|  19|0x0000000708000000, 0x0000000708200000, 0x0000000708200000|100%| S|CS|TAMS 0x0000000708000000, 0x0000000708000000| Complete 
|  20|0x0000000708200000, 0x0000000708200000, 0x0000000708400000|  0%| F|  |TAMS 0x0000000708200000, 0x0000000708200000| Untracked 
|  21|0x0000000708400000, 0x0000000708400000, 0x0000000708600000|  0%| F|  |TAMS 0x0000000708400000, 0x0000000708400000| Untracked 
|  22|0x0000000708600000, 0x0000000708600000, 0x0000000708800000|  0%| F|  |TAMS 0x0000000708600000, 0x0000000708600000| Untracked 
|  23|0x0000000708800000, 0x0000000708800000, 0x0000000708a00000|  0%| F|  |TAMS 0x0000000708800000, 0x0000000708800000| Untracked 
|  24|0x0000000708a00000, 0x0000000708a00000, 0x0000000708c00000|  0%| F|  |TAMS 0x0000000708a00000, 0x0000000708a00000| Untracked 
|  25|0x0000000708c00000, 0x0000000708c00000, 0x0000000708e00000|  0%| F|  |TAMS 0x0000000708c00000, 0x0000000708c00000| Untracked 
|  26|0x0000000708e00000, 0x0000000708e00000, 0x0000000709000000|  0%| F|  |TAMS 0x0000000708e00000, 0x0000000708e00000| Untracked 
|  27|0x0000000709000000, 0x0000000709000000, 0x0000000709200000|  0%| F|  |TAMS 0x0000000709000000, 0x0000000709000000| Untracked 
|  28|0x0000000709200000, 0x0000000709200000, 0x0000000709400000|  0%| F|  |TAMS 0x0000000709200000, 0x0000000709200000| Untracked 
|  29|0x0000000709400000, 0x0000000709400000, 0x0000000709600000|  0%| F|  |TAMS 0x0000000709400000, 0x0000000709400000| Untracked 
|  30|0x0000000709600000, 0x0000000709600000, 0x0000000709800000|  0%| F|  |TAMS 0x0000000709600000, 0x0000000709600000| Untracked 
|  31|0x0000000709800000, 0x0000000709800000, 0x0000000709a00000|  0%| F|  |TAMS 0x0000000709800000, 0x0000000709800000| Untracked 
|  32|0x0000000709a00000, 0x0000000709a00000, 0x0000000709c00000|  0%| F|  |TAMS 0x0000000709a00000, 0x0000000709a00000| Untracked 
|  33|0x0000000709c00000, 0x0000000709c00000, 0x0000000709e00000|  0%| F|  |TAMS 0x0000000709c00000, 0x0000000709c00000| Untracked 
|  34|0x0000000709e00000, 0x0000000709e00000, 0x000000070a000000|  0%| F|  |TAMS 0x0000000709e00000, 0x0000000709e00000| Untracked 
|  35|0x000000070a000000, 0x000000070a000000, 0x000000070a200000|  0%| F|  |TAMS 0x000000070a000000, 0x000000070a000000| Untracked 
|  36|0x000000070a200000, 0x000000070a200000, 0x000000070a400000|  0%| F|  |TAMS 0x000000070a200000, 0x000000070a200000| Untracked 
|  37|0x000000070a400000, 0x000000070a400000, 0x000000070a600000|  0%| F|  |TAMS 0x000000070a400000, 0x000000070a400000| Untracked 
|  38|0x000000070a600000, 0x000000070a600000, 0x000000070a800000|  0%| F|  |TAMS 0x000000070a600000, 0x000000070a600000| Untracked 
|  39|0x000000070a800000, 0x000000070a800000, 0x000000070aa00000|  0%| F|  |TAMS 0x000000070a800000, 0x000000070a800000| Untracked 
|  40|0x000000070aa00000, 0x000000070aa00000, 0x000000070ac00000|  0%| F|  |TAMS 0x000000070aa00000, 0x000000070aa00000| Untracked 
|  41|0x000000070ac00000, 0x000000070ac00000, 0x000000070ae00000|  0%| F|  |TAMS 0x000000070ac00000, 0x000000070ac00000| Untracked 
|  42|0x000000070ae00000, 0x000000070ae00000, 0x000000070b000000|  0%| F|  |TAMS 0x000000070ae00000, 0x000000070ae00000| Untracked 
| 125|0x0000000715400000, 0x0000000715507380, 0x0000000715600000| 51%| E|  |TAMS 0x0000000715400000, 0x0000000715400000| Complete 

Card table byte_map: [0x000001d2fab30000,0x000001d2fb310000] _byte_map_base: 0x000001d2f7303000

Marking Bits (Prev, Next): (CMBitMap*) 0x000001d2fa2faf60, (CMBitMap*) 0x000001d2fa2fafa0
 Prev Bits: [0x000001d2fbaf0000, 0x000001d2ff988000)
 Next Bits: [0x000001d2967f0000, 0x000001d29a688000)

Polling page: 0x000001d2f8250000

Metaspace:

Usage:
  Non-class:     30.78 MB used.
      Class:      4.61 MB used.
       Both:     35.39 MB used.

Virtual space:
  Non-class space:       64.00 MB reserved,      31.00 MB ( 48%) committed,  1 nodes.
      Class space:        1.00 GB reserved,       4.81 MB ( <1%) committed,  1 nodes.
             Both:        1.06 GB reserved,      35.81 MB (  3%) committed. 

Chunk freelists:
   Non-Class:  912.00 KB
       Class:  11.20 MB
        Both:  12.09 MB

MaxMetaspaceSize: unlimited
CompressedClassSpaceSize: 1.00 GB
Initial GC threshold: 21.00 MB
Current GC threshold: 59.69 MB
CDS: on
MetaspaceReclaimPolicy: balanced
 - commit_granule_bytes: 65536.
 - commit_granule_words: 8192.
 - virtual_space_node_default_size: 8388608.
 - enlarge_chunks_in_place: 1.
 - new_chunks_are_fully_committed: 0.
 - uncommit_free_chunks: 1.
 - use_allocation_guard: 0.
 - handle_deallocations: 1.


Internal statistics:

num_allocs_failed_limit: 6.
num_arena_births: 570.
num_arena_deaths: 0.
num_vsnodes_births: 2.
num_vsnodes_deaths: 0.
num_space_committed: 573.
num_space_uncommitted: 0.
num_chunks_returned_to_freelist: 6.
num_chunks_taken_from_freelist: 1800.
num_chunk_merges: 3.
num_chunk_splits: 1260.
num_chunks_enlarged: 929.
num_inconsistent_stats: 0.

CodeHeap 'non-profiled nmethods': size=120000Kb used=2565Kb max_used=2565Kb free=117434Kb
 bounds [0x000001d28f2c0000, 0x000001d28f550000, 0x000001d2967f0000]
CodeHeap 'profiled nmethods': size=120000Kb used=10036Kb max_used=10036Kb free=109963Kb
 bounds [0x000001d2877f0000, 0x000001d2881c0000, 0x000001d28ed20000]
CodeHeap 'non-nmethods': size=5760Kb used=1244Kb max_used=1322Kb free=4515Kb
 bounds [0x000001d28ed20000, 0x000001d28ef90000, 0x000001d28f2c0000]
 total_blobs=5020 nmethods=4467 adapters=465
 compilation: enabled
              stopped_count=0, restarted_count=0
 full_count=0

Compilation events (20 events):
Event: 12.063 Thread 0x000001d2ffe8f0a0 4430       4       org.springframework.core.annotation.AnnotationsScanner::hasPlainJavaAnnotationsOnly (26 bytes)
Event: 12.068 Thread 0x000001d2ffe8f0a0 nmethod 4430 0x000001d28f53d790 code [0x000001d28f53d920, 0x000001d28f53dae8]
Event: 12.068 Thread 0x000001d2ffe8f0a0 4443       4       java.util.concurrent.ConcurrentHashMap::isEmpty (15 bytes)
Event: 12.069 Thread 0x000001d2ffe8f0a0 nmethod 4443 0x000001d28f53dc90 code [0x000001d28f53de00, 0x000001d28f53deb8]
Event: 12.069 Thread 0x000001d2ffe8f0a0 4427       4       sun.reflect.generics.parser.SignatureParser::parseClassTypeSignature (118 bytes)
Event: 12.087 Thread 0x000001d2ffe8f0a0 nmethod 4427 0x000001d28f53df90 code [0x000001d28f53e1a0, 0x000001d28f53ef50]
Event: 12.093 Thread 0x000001d2ffe8fb50 4455       3       java.nio.CharBuffer::arrayOffset (35 bytes)
Event: 12.093 Thread 0x000001d2ffe8fb50 nmethod 4455 0x000001d2881afb90 code [0x000001d2881afd60, 0x000001d2881b0038]
Event: 12.096 Thread 0x000001d2ffe8f0a0 4456       4       java.io.WinNTFileSystem::prefixLength (91 bytes)
Event: 12.100 Thread 0x000001d2ffe8f0a0 nmethod 4456 0x000001d28f53f710 code [0x000001d28f53f8c0, 0x000001d28f53fce8]
Event: 12.107 Thread 0x000001d2ffe8fb50 4457       3       java.io.WinNTFileSystem::prefixLength (91 bytes)
Event: 12.108 Thread 0x000001d2ffe8fb50 nmethod 4457 0x000001d2881b0190 code [0x000001d2881b04c0, 0x000001d2881b1958]
Event: 12.112 Thread 0x000001d2ffe8f0a0 4458       4       org.springframework.aop.framework.autoproxy.AbstractAutoProxyCreator::predictBeanType (35 bytes)
Event: 12.113 Thread 0x000001d2ffe8fb50 4459   !   3       org.springframework.beans.factory.support.AbstractAutowireCapableBeanFactory::getSingletonFactoryBeanForTypeCheck (259 bytes)
Event: 12.113 Thread 0x000001d2ffe8f0a0 nmethod 4458 0x000001d28f540110 code [0x000001d28f5402a0, 0x000001d28f5403b8]
Event: 12.115 Thread 0x000001d2ffe8fb50 nmethod 4459 0x000001d2881b2010 code [0x000001d2881b23e0, 0x000001d2881b4548]
Event: 12.129 Thread 0x000001d2ffe8f0a0 4460       4       jdk.internal.ref.PhantomCleanable::clean (16 bytes)
Event: 12.134 Thread 0x000001d2ffe8f0a0 nmethod 4460 0x000001d28f540510 code [0x000001d28f5406a0, 0x000001d28f540c88]
Event: 12.134 Thread 0x000001d2ffe8f0a0 4461       4       jdk.internal.ref.CleanerImpl$PhantomCleanableRef::performCleanup (10 bytes)
Event: 12.134 Thread 0x000001d2ffe8f0a0 nmethod 4461 0x000001d28f540e90 code [0x000001d28f541000, 0x000001d28f541098]

GC Heap History (20 events):
Event: 1.194 GC heap before
{Heap before GC invocations=1 (full 0):
 garbage-first heap   total 258048K, used 17170K [0x0000000705a00000, 0x0000000800000000)
  region size 2048K, 6 young (12288K), 1 survivors (2048K)
 Metaspace       used 7214K, committed 7360K, reserved 1114112K
  class space    used 826K, committed 896K, reserved 1048576K
}
Event: 1.198 GC heap after
{Heap after GC invocations=2 (full 0):
 garbage-first heap   total 258048K, used 8471K [0x0000000705a00000, 0x0000000800000000)
  region size 2048K, 1 young (2048K), 1 survivors (2048K)
 Metaspace       used 7214K, committed 7360K, reserved 1114112K
  class space    used 826K, committed 896K, reserved 1048576K
}
Event: 2.138 GC heap before
{Heap before GC invocations=2 (full 0):
 garbage-first heap   total 258048K, used 26903K [0x0000000705a00000, 0x0000000800000000)
  region size 2048K, 10 young (20480K), 1 survivors (2048K)
 Metaspace       used 11565K, committed 11904K, reserved 1114112K
  class space    used 1437K, committed 1600K, reserved 1048576K
}
Event: 2.142 GC heap after
{Heap after GC invocations=3 (full 0):
 garbage-first heap   total 258048K, used 9931K [0x0000000705a00000, 0x0000000800000000)
  region size 2048K, 2 young (4096K), 2 survivors (4096K)
 Metaspace       used 11565K, committed 11904K, reserved 1114112K
  class space    used 1437K, committed 1600K, reserved 1048576K
}
Event: 3.288 GC heap before
{Heap before GC invocations=3 (full 0):
 garbage-first heap   total 258048K, used 52939K [0x0000000705a00000, 0x0000000800000000)
  region size 2048K, 24 young (49152K), 2 survivors (4096K)
 Metaspace       used 21284K, committed 21504K, reserved 1114112K
  class space    used 2746K, committed 2880K, reserved 1048576K
}
Event: 3.297 GC heap after
{Heap after GC invocations=4 (full 0):
 garbage-first heap   total 258048K, used 12870K [0x0000000705a00000, 0x0000000800000000)
  region size 2048K, 3 young (6144K), 3 survivors (6144K)
 Metaspace       used 21284K, committed 21504K, reserved 1114112K
  class space    used 2746K, committed 2880K, reserved 1048576K
}
Event: 8.750 GC heap before
{Heap before GC invocations=5 (full 0):
 garbage-first heap   total 55296K, used 39494K [0x0000000705a00000, 0x0000000800000000)
  region size 2048K, 16 young (32768K), 3 survivors (6144K)
 Metaspace       used 24761K, committed 25152K, reserved 1114112K
  class space    used 3226K, committed 3392K, reserved 1048576K
}
Event: 8.761 GC heap after
{Heap after GC invocations=6 (full 0):
 garbage-first heap   total 55296K, used 14844K [0x0000000705a00000, 0x0000000800000000)
  region size 2048K, 2 young (4096K), 2 survivors (4096K)
 Metaspace       used 24761K, committed 25152K, reserved 1114112K
  class space    used 3226K, committed 3392K, reserved 1048576K
}
Event: 8.784 GC heap before
{Heap before GC invocations=6 (full 0):
 garbage-first heap   total 55296K, used 16892K [0x0000000705a00000, 0x0000000800000000)
  region size 2048K, 3 young (6144K), 2 survivors (4096K)
 Metaspace       used 25089K, committed 25472K, reserved 1114112K
  class space    used 3247K, committed 3392K, reserved 1048576K
}
Event: 8.789 GC heap after
{Heap after GC invocations=7 (full 0):
 garbage-first heap   total 55296K, used 15451K [0x0000000705a00000, 0x0000000800000000)
  region size 2048K, 1 young (2048K), 1 survivors (2048K)
 Metaspace       used 25089K, committed 25472K, reserved 1114112K
  class space    used 3247K, committed 3392K, reserved 1048576K
}
Event: 9.396 GC heap before
{Heap before GC invocations=7 (full 0):
 garbage-first heap   total 55296K, used 35931K [0x0000000705a00000, 0x0000000800000000)
  region size 2048K, 11 young (22528K), 1 survivors (2048K)
 Metaspace       used 26640K, committed 27008K, reserved 1114112K
  class space    used 3422K, committed 3584K, reserved 1048576K
}
Event: 9.399 GC heap after
{Heap after GC invocations=8 (full 0):
 garbage-first heap   total 55296K, used 17222K [0x0000000705a00000, 0x0000000800000000)
  region size 2048K, 2 young (4096K), 2 survivors (4096K)
 Metaspace       used 26640K, committed 27008K, reserved 1114112K
  class space    used 3422K, committed 3584K, reserved 1048576K
}
Event: 9.874 GC heap before
{Heap before GC invocations=8 (full 0):
 garbage-first heap   total 55296K, used 35654K [0x0000000705a00000, 0x0000000800000000)
  region size 2048K, 11 young (22528K), 2 survivors (4096K)
 Metaspace       used 28265K, committed 28608K, reserved 1114112K
  class space    used 3628K, committed 3776K, reserved 1048576K
}
Event: 9.880 GC heap after
{Heap after GC invocations=9 (full 0):
 garbage-first heap   total 55296K, used 18537K [0x0000000705a00000, 0x0000000800000000)
  region size 2048K, 2 young (4096K), 2 survivors (4096K)
 Metaspace       used 28265K, committed 28608K, reserved 1114112K
  class space    used 3628K, committed 3776K, reserved 1048576K
}
Event: 10.682 GC heap before
{Heap before GC invocations=9 (full 0):
 garbage-first heap   total 55296K, used 39017K [0x0000000705a00000, 0x0000000800000000)
  region size 2048K, 12 young (24576K), 2 survivors (4096K)
 Metaspace       used 30548K, committed 31040K, reserved 1114112K
  class space    used 3984K, committed 4224K, reserved 1048576K
}
Event: 10.691 GC heap after
{Heap after GC invocations=10 (full 0):
 garbage-first heap   total 55296K, used 20166K [0x0000000705a00000, 0x0000000800000000)
  region size 2048K, 2 young (4096K), 2 survivors (4096K)
 Metaspace       used 30548K, committed 31040K, reserved 1114112K
  class space    used 3984K, committed 4224K, reserved 1048576K
}
Event: 11.441 GC heap before
{Heap before GC invocations=10 (full 0):
 garbage-first heap   total 55296K, used 38598K [0x0000000705a00000, 0x0000000800000000)
  region size 2048K, 11 young (22528K), 2 survivors (4096K)
 Metaspace       used 32895K, committed 33344K, reserved 1114112K
  class space    used 4326K, committed 4544K, reserved 1048576K
}
Event: 11.450 GC heap after
{Heap after GC invocations=11 (full 0):
 garbage-first heap   total 55296K, used 21993K [0x0000000705a00000, 0x0000000800000000)
  region size 2048K, 2 young (4096K), 2 survivors (4096K)
 Metaspace       used 32895K, committed 33344K, reserved 1114112K
  class space    used 4326K, committed 4544K, reserved 1048576K
}
Event: 12.117 GC heap before
{Heap before GC invocations=11 (full 0):
 garbage-first heap   total 55296K, used 34281K [0x0000000705a00000, 0x0000000800000000)
  region size 2048K, 9 young (18432K), 2 survivors (4096K)
 Metaspace       used 35982K, committed 36416K, reserved 1114112K
  class space    used 4694K, committed 4928K, reserved 1048576K
}
Event: 12.128 GC heap after
{Heap after GC invocations=12 (full 0):
 garbage-first heap   total 157696K, used 22731K [0x0000000705a00000, 0x0000000800000000)
  region size 2048K, 2 young (4096K), 2 survivors (4096K)
 Metaspace       used 35982K, committed 36416K, reserved 1114112K
  class space    used 4694K, committed 4928K, reserved 1048576K
}

Deoptimization events (20 events):
Event: 11.873 Thread 0x000001d2fa288110 Uncommon trap: trap_request=0xffffffde fr.pc=0x000001d28f3bfdb4 relative=0x0000000000001094
Event: 11.873 Thread 0x000001d2fa288110 Uncommon trap: reason=class_check action=maybe_recompile pc=0x000001d28f3bfdb4 method=java.util.concurrent.ConcurrentHashMap.putVal(Ljava/lang/Object;Ljava/lang/Object;Z)Ljava/lang/Object; @ 242 c2
Event: 11.873 Thread 0x000001d2fa288110 DEOPT PACKING pc=0x000001d28f3bfdb4 sp=0x00000094eb8fd2b0
Event: 11.873 Thread 0x000001d2fa288110 DEOPT UNPACKING pc=0x000001d28ed723a3 sp=0x00000094eb8fd220 mode 2
Event: 11.887 Thread 0x000001d2fa288110 Uncommon trap: trap_request=0xffffffde fr.pc=0x000001d28f3bfdb4 relative=0x0000000000001094
Event: 11.887 Thread 0x000001d2fa288110 Uncommon trap: reason=class_check action=maybe_recompile pc=0x000001d28f3bfdb4 method=java.util.concurrent.ConcurrentHashMap.putVal(Ljava/lang/Object;Ljava/lang/Object;Z)Ljava/lang/Object; @ 242 c2
Event: 11.887 Thread 0x000001d2fa288110 DEOPT PACKING pc=0x000001d28f3bfdb4 sp=0x00000094eb8fd2b0
Event: 11.887 Thread 0x000001d2fa288110 DEOPT UNPACKING pc=0x000001d28ed723a3 sp=0x00000094eb8fd220 mode 2
Event: 11.887 Thread 0x000001d2fa288110 Uncommon trap: trap_request=0xffffffde fr.pc=0x000001d28f3bfdb4 relative=0x0000000000001094
Event: 11.887 Thread 0x000001d2fa288110 Uncommon trap: reason=class_check action=maybe_recompile pc=0x000001d28f3bfdb4 method=java.util.concurrent.ConcurrentHashMap.putVal(Ljava/lang/Object;Ljava/lang/Object;Z)Ljava/lang/Object; @ 242 c2
Event: 11.887 Thread 0x000001d2fa288110 DEOPT PACKING pc=0x000001d28f3bfdb4 sp=0x00000094eb8fd2b0
Event: 11.887 Thread 0x000001d2fa288110 DEOPT UNPACKING pc=0x000001d28ed723a3 sp=0x00000094eb8fd220 mode 2
Event: 11.890 Thread 0x000001d2fa288110 DEOPT PACKING pc=0x000001d287ffa978 sp=0x00000094eb8fda00
Event: 11.890 Thread 0x000001d2fa288110 DEOPT UNPACKING pc=0x000001d28ed72b43 sp=0x00000094eb8fcfa0 mode 0
Event: 11.929 Thread 0x000001d2fa288110 DEOPT PACKING pc=0x000001d28816f310 sp=0x00000094eb8fdf10
Event: 11.929 Thread 0x000001d2fa288110 DEOPT UNPACKING pc=0x000001d28ed72b43 sp=0x00000094eb8fd4b8 mode 0
Event: 12.101 Thread 0x000001d2fa288110 Uncommon trap: trap_request=0xffffff45 fr.pc=0x000001d28f53fbfc relative=0x000000000000033c
Event: 12.101 Thread 0x000001d2fa288110 Uncommon trap: reason=unstable_if action=reinterpret pc=0x000001d28f53fbfc method=java.io.WinNTFileSystem.prefixLength(Ljava/lang/String;)I @ 42 c2
Event: 12.101 Thread 0x000001d2fa288110 DEOPT PACKING pc=0x000001d28f53fbfc sp=0x00000094eb8fda60
Event: 12.101 Thread 0x000001d2fa288110 DEOPT UNPACKING pc=0x000001d28ed723a3 sp=0x00000094eb8fd9e8 mode 2

Classes unloaded (0 events):
No events

Classes redefined (0 events):
No events

Internal exceptions (20 events):
Event: 10.958 Thread 0x000001d2fa288110 Exception <a 'java/lang/NoSuchMethodError'{0x00000007121c5cd0}: 'java.lang.Object java.lang.invoke.Invokers$Holder.invoker(java.lang.Object, java.lang.Object, java.lang.Object, java.lang.Object, java.lang.Object, java.lang.Object, java.lang.Object, java.lang.Object, java.lang.Object, java.lang.Object, java.lang.Object, java.lang.Object, java.lang.Object, java.lang.Object)'> (0x00000007121c5cd0) 
thrown [s\open\src\hotspot\share\interpreter\linkResolver.cpp, line 759]
Event: 10.958 Thread 0x000001d2fa288110 Exception <a 'java/lang/NoSuchMethodError'{0x00000007121cb548}: 'java.lang.Object java.lang.invoke.DirectMethodHandle$Holder.invokeSpecial(java.lang.Object, java.lang.Object, java.lang.Object, java.lang.Object, java.lang.Object, java.lang.Object, java.lang.Object, java.lang.Object, java.lang.Object, java.lang.Object, java.lang.Object, java.lang.Object, java.lang.Object, java.lang.Object, java.lang.Object)'> (0x00000007121cb548) 
thrown [s\open\src\hotspot\share\interpreter\linkResolver.cpp, line 759]
Event: 10.975 Thread 0x000001d2fa288110 Exception <a 'java/lang/NoSuchMethodError'{0x000000070866a470}: 'java.lang.Object java.lang.invoke.DirectMethodHandle$Holder.invokeSpecial(java.lang.Object, java.lang.Object, java.lang.Object, java.lang.Object, java.lang.Object, java.lang.Object, java.lang.Object, java.lang.Object, java.lang.Object, java.lang.Object)'> (0x000000070866a470) 
thrown [s\open\src\hotspot\share\interpreter\linkResolver.cpp, line 759]
Event: 10.975 Thread 0x000001d2fa288110 Exception <a 'java/lang/NoSuchMethodError'{0x000000070866ea58}: 'java.lang.Object java.lang.invoke.Invokers$Holder.invoke_MT(java.lang.Object, java.lang.Object, java.lang.Object, java.lang.Object, java.lang.Object, java.lang.Object, java.lang.Object, java.lang.Object, java.lang.Object, java.lang.Object)'> (0x000000070866ea58) 
thrown [s\open\src\hotspot\share\interpreter\linkResolver.cpp, line 759]
Event: 10.981 Thread 0x000001d2fa288110 Exception <a 'java/lang/NoSuchMethodError'{0x00000007086aebf8}: 'java.lang.Object java.lang.invoke.DirectMethodHandle$Holder.invokeSpecial(java.lang.Object, java.lang.Object, int, java.lang.Object, java.lang.Object)'> (0x00000007086aebf8) 
thrown [s\open\src\hotspot\share\interpreter\linkResolver.cpp, line 759]
Event: 10.982 Thread 0x000001d2fa288110 Exception <a 'java/lang/NoSuchMethodError'{0x00000007086b28a0}: 'java.lang.Object java.lang.invoke.DelegatingMethodHandle$Holder.delegate(java.lang.Object, int, java.lang.Object, java.lang.Object)'> (0x00000007086b28a0) 
thrown [s\open\src\hotspot\share\interpreter\linkResolver.cpp, line 759]
Event: 10.984 Thread 0x000001d2fa288110 Exception <a 'java/lang/NoSuchMethodError'{0x00000007086c3728}: 'int java.lang.invoke.Invokers$Holder.linkToTargetMethod(java.lang.Object, java.lang.Object, java.lang.Object)'> (0x00000007086c3728) 
thrown [s\open\src\hotspot\share\interpreter\linkResolver.cpp, line 759]
Event: 11.056 Thread 0x000001d2fa288110 Implicit null exception at 0x000001d28f300000 to 0x000001d28f300370
Event: 11.109 Thread 0x000001d2fa288110 Exception <a 'java/lang/NoClassDefFoundError'{0x0000000708440410}: org/flywaydb/core/Flyway> (0x0000000708440410) 
thrown [s\open\src\hotspot\share\classfile\systemDictionary.cpp, line 245]
Event: 11.109 Thread 0x000001d2fa288110 Exception <a 'java/lang/NoClassDefFoundError'{0x0000000708441c20}: liquibase/integration/spring/SpringLiquibase> (0x0000000708441c20) 
thrown [s\open\src\hotspot\share\classfile\systemDictionary.cpp, line 245]
Event: 11.196 Thread 0x000001d2fa288110 Exception <a 'java/lang/NoClassDefFoundError'{0x0000000708002d90}: org/jooq/DSLContext> (0x0000000708002d90) 
thrown [s\open\src\hotspot\share\classfile\systemDictionary.cpp, line 245]
Event: 11.198 Thread 0x000001d2fa288110 Exception <a 'java/lang/NoClassDefFoundError'{0x0000000708019bd0}: org/springframework/batch/core/repository/JobRepository> (0x0000000708019bd0) 
thrown [s\open\src\hotspot\share\classfile\systemDictionary.cpp, line 245]
Event: 11.198 Thread 0x000001d2fa288110 Exception <a 'java/lang/NoClassDefFoundError'{0x000000070801b138}: org/quartz/Scheduler> (0x000000070801b138) 
thrown [s\open\src\hotspot\share\classfile\systemDictionary.cpp, line 245]
Event: 11.198 Thread 0x000001d2fa288110 Exception <a 'java/lang/NoClassDefFoundError'{0x000000070801cb28}: org/springframework/session/jdbc/JdbcIndexedSessionRepository> (0x000000070801cb28) 
thrown [s\open\src\hotspot\share\classfile\systemDictionary.cpp, line 245]
Event: 11.489 Thread 0x000001d2fa288110 Exception <a 'java/lang/IncompatibleClassChangeError'{0x00000007154d3b70}: Found class java.lang.Object, but interface was expected> (0x00000007154d3b70) 
thrown [s\open\src\hotspot\share\interpreter\linkResolver.cpp, line 826]
Event: 11.794 Thread 0x000001d2fa288110 Exception <a 'java/lang/ArrayIndexOutOfBoundsException'{0x00000007122d8478}: Index 28 out of bounds for length 28> (0x00000007122d8478) 
thrown [s\open\src\hotspot\share\interpreter\interpreterRuntime.cpp, line 428]
Event: 11.796 Thread 0x000001d2fa288110 Exception <a 'java/lang/ArrayIndexOutOfBoundsException'{0x00000007122edbd8}: Index 28 out of bounds for length 28> (0x00000007122edbd8) 
thrown [s\open\src\hotspot\share\interpreter\interpreterRuntime.cpp, line 428]
Event: 11.880 Thread 0x000001d2fa288110 Exception <a 'java/lang/ArrayIndexOutOfBoundsException'{0x00000007121e2ac0}: Index 21 out of bounds for length 21> (0x00000007121e2ac0) 
thrown [s\open\src\hotspot\share\interpreter\interpreterRuntime.cpp, line 428]
Event: 11.880 Thread 0x000001d2fa288110 Exception <a 'java/lang/ArrayIndexOutOfBoundsException'{0x00000007121e3088}: Index 21 out of bounds for length 21> (0x00000007121e3088) 
thrown [s\open\src\hotspot\share\interpreter\interpreterRuntime.cpp, line 428]
Event: 12.007 Thread 0x000001d2fa288110 Exception <a 'java/lang/NoSuchMethodError'{0x0000000708499c28}: 'java.lang.Object java.lang.invoke.DirectMethodHandle$Holder.invokeSpecialIFC(java.lang.Object, java.lang.Object, java.lang.Object)'> (0x0000000708499c28) 
thrown [s\open\src\hotspot\share\interpreter\linkResolver.cpp, line 759]

VM Operations (20 events):
Event: 10.682 Executing VM operation: G1CollectForAllocation
Event: 10.691 Executing VM operation: G1CollectForAllocation done
Event: 10.962 Executing VM operation: HandshakeAllThreads
Event: 10.962 Executing VM operation: HandshakeAllThreads done
Event: 11.316 Executing VM operation: HandshakeAllThreads
Event: 11.316 Executing VM operation: HandshakeAllThreads done
Event: 11.402 Executing VM operation: HandshakeAllThreads
Event: 11.402 Executing VM operation: HandshakeAllThreads done
Event: 11.441 Executing VM operation: G1CollectForAllocation
Event: 11.450 Executing VM operation: G1CollectForAllocation done
Event: 11.790 Executing VM operation: HandshakeAllThreads
Event: 11.790 Executing VM operation: HandshakeAllThreads done
Event: 11.791 Executing VM operation: HandshakeAllThreads
Event: 11.791 Executing VM operation: HandshakeAllThreads done
Event: 11.799 Executing VM operation: HandshakeAllThreads
Event: 11.799 Executing VM operation: HandshakeAllThreads done
Event: 11.929 Executing VM operation: HandshakeAllThreads
Event: 11.929 Executing VM operation: HandshakeAllThreads done
Event: 12.117 Executing VM operation: CollectForMetadataAllocation
Event: 12.128 Executing VM operation: CollectForMetadataAllocation done

Events (20 events):
Event: 11.841 loading class java/lang/UnsatisfiedLinkError
Event: 11.841 loading class java/lang/UnsatisfiedLinkError done
Event: 11.841 loading class java/lang/VerifyError
Event: 11.841 loading class java/lang/VerifyError done
Event: 11.841 loading class java/lang/NegativeArraySizeException
Event: 11.841 loading class java/lang/NegativeArraySizeException done
Event: 11.865 loading class sun/net/www/protocol/jrt/JavaRuntimeURLConnection
Event: 11.865 loading class sun/net/www/protocol/jrt/JavaRuntimeURLConnection done
Event: 11.865 loading class sun/net/www/protocol/jrt/JavaRuntimeURLConnection$1
Event: 11.865 loading class sun/net/www/protocol/jrt/JavaRuntimeURLConnection$1 done
Event: 11.865 loading class jdk/internal/jimage/ImageBufferCache
Event: 11.865 loading class jdk/internal/jimage/ImageBufferCache done
Event: 11.865 loading class jdk/internal/jimage/ImageBufferCache$1
Event: 11.865 loading class jdk/internal/jimage/ImageBufferCache$1 done
Event: 11.865 loading class jdk/internal/jimage/ImageBufferCache$2
Event: 11.865 loading class jdk/internal/jimage/ImageBufferCache$2 done
Event: 11.865 loading class java/util/AbstractMap$SimpleEntry
Event: 11.865 loading class java/util/AbstractMap$SimpleEntry done
Event: 12.089 loading class java/nio/file/InvalidPathException
Event: 12.089 loading class java/nio/file/InvalidPathException done


Dynamic libraries:
0x00007ff6ddfb0000 - 0x00007ff6ddfc0000 	C:\Program Files\Java\jdk-17\bin\java.exe
0x00007ffaae530000 - 0x00007ffaae728000 	C:\Windows\SYSTEM32\ntdll.dll
0x00007ffaac6b0000 - 0x00007ffaac772000 	C:\Windows\System32\KERNEL32.DLL
0x00007ffaabba0000 - 0x00007ffaabe9e000 	C:\Windows\System32\KERNELBASE.dll
0x00007ffaac090000 - 0x00007ffaac190000 	C:\Windows\System32\ucrtbase.dll
0x00007ffaa3950000 - 0x00007ffaa396b000 	C:\Program Files\Java\jdk-17\bin\VCRUNTIME140.dll
0x00007ffaa5ba0000 - 0x00007ffaa5bb9000 	C:\Program Files\Java\jdk-17\bin\jli.dll
0x00007ffaace40000 - 0x00007ffaacef1000 	C:\Windows\System32\ADVAPI32.dll
0x00007ffaacf10000 - 0x00007ffaacfae000 	C:\Windows\System32\msvcrt.dll
0x00007ffaad600000 - 0x00007ffaad69f000 	C:\Windows\System32\sechost.dll
0x00007ffaac780000 - 0x00007ffaac8a3000 	C:\Windows\System32\RPCRT4.dll
0x00007ffaac4a0000 - 0x00007ffaac4c7000 	C:\Windows\System32\bcrypt.dll
0x00007ffaada00000 - 0x00007ffaadb9d000 	C:\Windows\System32\USER32.dll
0x00007ffa920f0000 - 0x00007ffa9238a000 	C:\Windows\WinSxS\amd64_microsoft.windows.common-controls_6595b64144ccf1df_6.0.19041.4355_none_60b8b9eb71f62e16\COMCTL32.dll
0x00007ffaac060000 - 0x00007ffaac082000 	C:\Windows\System32\win32u.dll
0x00007ffaacfb0000 - 0x00007ffaacfdb000 	C:\Windows\System32\GDI32.dll
0x00007ffaabf40000 - 0x00007ffaac057000 	C:\Windows\System32\gdi32full.dll
0x00007ffaabea0000 - 0x00007ffaabf3d000 	C:\Windows\System32\msvcp_win.dll
0x00007ffaa4e70000 - 0x00007ffaa4e7a000 	C:\Windows\SYSTEM32\VERSION.dll
0x00007ffaaca30000 - 0x00007ffaaca5f000 	C:\Windows\System32\IMM32.DLL
0x00007ffaa5610000 - 0x00007ffaa561c000 	C:\Program Files\Java\jdk-17\bin\vcruntime140_1.dll
0x00007ffa49610000 - 0x00007ffa4969e000 	C:\Program Files\Java\jdk-17\bin\msvcp140.dll
0x00007ffa21cf0000 - 0x00007ffa228d0000 	C:\Program Files\Java\jdk-17\bin\server\jvm.dll
0x00007ffaacad0000 - 0x00007ffaacad8000 	C:\Windows\System32\PSAPI.DLL
0x00007ffa8f240000 - 0x00007ffa8f249000 	C:\Windows\SYSTEM32\WSOCK32.dll
0x00007ffaad500000 - 0x00007ffaad56b000 	C:\Windows\System32\WS2_32.dll
0x00007ffa93b90000 - 0x00007ffa93bb7000 	C:\Windows\SYSTEM32\WINMM.dll
0x00007ffaaa380000 - 0x00007ffaaa392000 	C:\Windows\SYSTEM32\kernel.appcore.dll
0x00007ffa97110000 - 0x00007ffa9711a000 	C:\Program Files\Java\jdk-17\bin\jimage.dll
0x00007ffaa98c0000 - 0x00007ffaa9aa4000 	C:\Windows\SYSTEM32\DBGHELP.DLL
0x00007ffa97020000 - 0x00007ffa97054000 	C:\Windows\SYSTEM32\dbgcore.DLL
0x00007ffaac3a0000 - 0x00007ffaac422000 	C:\Windows\System32\bcryptPrimitives.dll
0x00007ffa91940000 - 0x00007ffa91965000 	C:\Program Files\Java\jdk-17\bin\java.dll
0x00007ffa3b9d0000 - 0x00007ffa3baa7000 	C:\Program Files\Java\jdk-17\bin\jsvml.dll
0x00007ffaadba0000 - 0x00007ffaae30d000 	C:\Windows\System32\SHELL32.dll
0x00007ffaa9bc0000 - 0x00007ffaaa364000 	C:\Windows\SYSTEM32\windows.storage.dll
0x00007ffaacae0000 - 0x00007ffaace33000 	C:\Windows\System32\combase.dll
0x00007ffaab420000 - 0x00007ffaab44e000 	C:\Windows\SYSTEM32\Wldp.dll
0x00007ffaae310000 - 0x00007ffaae3dd000 	C:\Windows\System32\OLEAUT32.dll
0x00007ffaad450000 - 0x00007ffaad4fd000 	C:\Windows\System32\SHCORE.dll
0x00007ffaaca70000 - 0x00007ffaacac5000 	C:\Windows\System32\shlwapi.dll
0x00007ffaabad0000 - 0x00007ffaabaf4000 	C:\Windows\SYSTEM32\profapi.dll
0x00007ffa94dc0000 - 0x00007ffa94dd9000 	C:\Program Files\Java\jdk-17\bin\net.dll
0x00007ffaa21d0000 - 0x00007ffaa22dd000 	C:\Windows\SYSTEM32\WINHTTP.dll
0x00007ffaab200000 - 0x00007ffaab26a000 	C:\Windows\system32\mswsock.dll
0x00007ffa91d80000 - 0x00007ffa91d96000 	C:\Program Files\Java\jdk-17\bin\nio.dll
0x00007ffa91920000 - 0x00007ffa91938000 	C:\Program Files\Java\jdk-17\bin\zip.dll
0x00007ffa88880000 - 0x00007ffa8888a000 	C:\Program Files\Java\jdk-17\bin\management.dll
0x00007ffa88630000 - 0x00007ffa8863b000 	C:\Program Files\Java\jdk-17\bin\management_ext.dll
0x00007ffa84890000 - 0x00007ffa848a7000 	C:\Windows\system32\napinsp.dll
0x00007ffa84690000 - 0x00007ffa846ab000 	C:\Windows\system32\pnrpnsp.dll
0x00007ffaa64d0000 - 0x00007ffaa64e5000 	C:\Windows\system32\wshbth.dll
0x00007ffaa6590000 - 0x00007ffaa65ad000 	C:\Windows\system32\NLAapi.dll
0x00007ffaaaf00000 - 0x00007ffaaaf3b000 	C:\Windows\SYSTEM32\IPHLPAPI.DLL
0x00007ffaaaf40000 - 0x00007ffaab00a000 	C:\Windows\SYSTEM32\DNSAPI.dll
0x00007ffaacf00000 - 0x00007ffaacf08000 	C:\Windows\System32\NSI.dll
0x00007ffa84770000 - 0x00007ffa84782000 	C:\Windows\System32\winrnr.dll
0x00007ffaa4710000 - 0x00007ffaa471a000 	C:\Windows\System32\rasadhlp.dll
0x00007ffaa1730000 - 0x00007ffaa17b0000 	C:\Windows\System32\fwpuclnt.dll
0x00007ffaab7b0000 - 0x00007ffaab7c8000 	C:\Windows\SYSTEM32\CRYPTSP.dll
0x00007ffaaab40000 - 0x00007ffaaab74000 	C:\Windows\system32\rsaenh.dll
0x00007ffaaba90000 - 0x00007ffaababe000 	C:\Windows\SYSTEM32\USERENV.dll
0x00007ffaab390000 - 0x00007ffaab39c000 	C:\Windows\SYSTEM32\CRYPTBASE.dll
0x00007ffaa41b0000 - 0x00007ffaa41c7000 	C:\Windows\SYSTEM32\dhcpcsvc6.DLL
0x00007ffaa4100000 - 0x00007ffaa411d000 	C:\Windows\SYSTEM32\dhcpcsvc.DLL
0x00007ffa82f90000 - 0x00007ffa82f9e000 	C:\Program Files\Java\jdk-17\bin\sunmscapi.dll
0x00007ffaac240000 - 0x00007ffaac39c000 	C:\Windows\System32\CRYPT32.dll
0x00007ffaab490000 - 0x00007ffaab4b7000 	C:\Windows\SYSTEM32\ncrypt.dll
0x00007ffaab450000 - 0x00007ffaab48b000 	C:\Windows\SYSTEM32\NTASN1.dll

dbghelp: loaded successfully - version: 4.0.5 - missing functions: none
symbol engine: initialized successfully - sym options: 0x614 - pdb path: .;C:\Program Files\Java\jdk-17\bin;C:\Windows\SYSTEM32;C:\Windows\WinSxS\amd64_microsoft.windows.common-controls_6595b64144ccf1df_6.0.19041.4355_none_60b8b9eb71f62e16;C:\Program Files\Java\jdk-17\bin\server

VM Arguments:
jvm_args: -XX:+ShowCodeDetailsInExceptionMessages -Dspring.jmx.enabled=true -Dmanagement.endpoints.jmx.exposure.include=* -Dspring.application.admin.enabled=true -Dspring.boot.project.name=fidelizacao -Djava.rmi.server.hostname=localhost -Dcom.sun.management.jmxremote.port=45556 -Dcom.sun.management.jmxremote.authenticate=false -Dcom.sun.management.jmxremote.ssl=false 
java_command: com.cleyton.fidelizacao.FidelizacaoApplication
java_class_path (initial): C:\Users\Cleyton\Documents\Fidelizacao_Clientes\fidelizacao\target\classes;C:\Users\Cleyton\.m2\repository\org\springframework\boot\spring-boot-starter-actuator\3.3.7\spring-boot-starter-actuator-3.3.7.jar;C:\Users\Cleyton\.m2\repository\org\springframework\boot\spring-boot-starter\3.3.7\spring-boot-starter-3.3.7.jar;C:\Users\Cleyton\.m2\repository\org\springframework\boot\spring-boot-starter-logging\3.3.7\spring-boot-starter-logging-3.3.7.jar;C:\Users\Cleyton\.m2\repository\ch\qos\logback\logback-classic\1.5.12\logback-classic-1.5.12.jar;C:\Users\Cleyton\.m2\repository\ch\qos\logback\logback-core\1.5.12\logback-core-1.5.12.jar;C:\Users\Cleyton\.m2\repository\org\apache\logging\log4j\log4j-to-slf4j\2.23.1\log4j-to-slf4j-2.23.1.jar;C:\Users\Cleyton\.m2\repository\org\apache\logging\log4j\log4j-api\2.23.1\log4j-api-2.23.1.jar;C:\Users\Cleyton\.m2\repository\org\slf4j\jul-to-slf4j\2.0.16\jul-to-slf4j-2.0.16.jar;C:\Users\Cleyton\.m2\repository\jakarta\annotation\jakarta.annotation-api\2.1.1\jakarta.annotation-api-2.1.1.jar;C:\Users\Cleyton\.m2\repository\org\yaml\snakeyaml\2.2\snakeyaml-2.2.jar;C:\Users\Cleyton\.m2\repository\org\springframework\boot\spring-boot-actuator-autoconfigure\3.3.7\spring-boot-actuator-autoconfigure-3.3.7.jar;C:\Users\Cleyton\.m2\repository\org\springframework\boot\spring-boot-actuator\3.3.7\spring-boot-actuator-3.3.7.jar;C:\Users\Cleyton\.m2\repository\com\fasterxml\jackson\datatype\jackson-datatype-jsr310\2.17.3\jackson-datatype-jsr310-2.17.3.jar;C:\Users\Cleyton\.m2\repository\io\micrometer\micrometer-observation\1.13.9\micrometer-observation-1.13.9.jar;C:\Users\Cleyton\.m2\repository\io\micrometer\micrometer-commons\1.13.9\micrometer-commons-1.13.9.jar;C:\Users\Cleyton\.m2\repository\io\micrometer\micrometer-jakarta9\1.13.9\micrometer-jakarta9-1.13.9.jar;C:\Users\Cleyton\.m2\repository\io\micrometer\micrometer-core\1.13.9\micrometer-core-1.13.9.jar;C:\Users\Cleyton\.m2\repository\org\hdrhistogram\HdrHistogram\2.
Launcher Type: SUN_STANDARD

[Global flags]
     intx CICompilerCount                          = 3                                         {product} {ergonomic}
     uint ConcGCThreads                            = 1                                         {product} {ergonomic}
     uint G1ConcRefinementThreads                  = 4                                         {product} {ergonomic}
   size_t G1HeapRegionSize                         = 2097152                                   {product} {ergonomic}
    uintx GCDrainStackTargetSize                   = 64                                        {product} {ergonomic}
   size_t InitialHeapSize                          = 264241152                                 {product} {ergonomic}
     bool ManagementServer                         = true                                      {product} {command line}
   size_t MarkStackSize                            = 4194304                                   {product} {ergonomic}
   size_t MaxHeapSize                              = 4200595456                                {product} {ergonomic}
   size_t MaxNewSize                               = 2518679552                                {product} {ergonomic}
   size_t MinHeapDeltaBytes                        = 2097152                                   {product} {ergonomic}
   size_t MinHeapSize                              = 8388608                                   {product} {ergonomic}
    uintx NonNMethodCodeHeapSize                   = 5832780                                {pd product} {ergonomic}
    uintx NonProfiledCodeHeapSize                  = 122912730                              {pd product} {ergonomic}
    uintx ProfiledCodeHeapSize                     = 122912730                              {pd product} {ergonomic}
    uintx ReservedCodeCacheSize                    = 251658240                              {pd product} {ergonomic}
     bool SegmentedCodeCache                       = true                                      {product} {ergonomic}
     bool ShowCodeDetailsInExceptionMessages       = true                                   {manageable} {command line}
   size_t SoftMaxHeapSize                          = 4200595456                             {manageable} {ergonomic}
     bool UseCompressedClassPointers               = true                           {product lp64_product} {ergonomic}
     bool UseCompressedOops                        = true                           {product lp64_product} {ergonomic}
     bool UseG1GC                                  = true                                      {product} {ergonomic}
     bool UseLargePagesIndividualAllocation        = false                                  {pd product} {ergonomic}

Logging:
Log output configuration:
 #0: stdout all=warning uptime,level,tags
 #1: stderr all=off uptime,level,tags

Environment Variables:
PATH=C:\Program Files\PowerShell\7;C:\Program Files\Common Files\Oracle\Java\javapath;C:\Windows\system32;C:\Windows;C:\Windows\System32\Wbem;C:\Windows\System32\WindowsPowerShell\v1.0\;C:\Windows\System32\OpenSSH\;C:\Program Files\Java\jdk-22\bin;C:\Program Files\Docker\Docker\resources\bin;C:\Program Files\dotnet\;C:\Program Files\PowerShell\7\;C:\Program Files\MySQL\MySQL Shell 8.0\bin\;C:\Users\Cleyton\AppData\Local\Microsoft\WindowsApps;C:\Users\Cleyton\AppData\Local\Programs\Microsoft VS Code\bin;C:\Program Files\Java\jdk-17\bin;
USERNAME=Cleyton
LANG=en_US.UTF-8
OS=Windows_NT
PROCESSOR_IDENTIFIER=Intel64 Family 6 Model 142 Stepping 9, GenuineIntel



---------------  S Y S T E M  ---------------

OS:
 Windows 10 , 64 bit Build 19041 (10.0.19041.5198)
OS uptime: 0 days 17:53 hours
Hyper-V role detected

CPU: total 4 (initial active 4) (2 cores per cpu, 2 threads per core) family 6 model 142 stepping 9 microcode 0xf4, cx8, cmov, fxsr, ht, mmx, 3dnowpref, sse, sse2, sse3, ssse3, sse4.1, sse4.2, popcnt, lzcnt, tsc, tscinvbit, avx, avx2, aes, erms, clmul, bmi1, bmi2, rtm, adx, fma, vzeroupper, clflush, clflushopt, hv

Memory: 4k page, system-wide physical 16017M (1082M free)
TotalPageFile size 21881M (AvailPageFile size 5M)
current process WorkingSet (physical memory assigned to process): 188M, peak: 188M
current process commit charge ("private bytes"): 322M, peak: 389M

vm_info: Java HotSpot(TM) 64-Bit Server VM (17.0.11+7-LTS-207) for windows-amd64 JRE (17.0.11+7-LTS-207), built on Mar 11 2024 19:01:50 by "mach5one" with MS VC++ 17.6 (VS2022)

END.
