#
# There is insufficient memory for the Java Runtime Environment to continue.
# Native memory allocation (malloc) failed to allocate 94576 bytes for Chunk::new
# Possible reasons:
#   The system is out of physical RAM or swap space
#   The process is running with CompressedOops enabled, and the Java Heap may be blocking the growth of the native heap
# Possible solutions:
#   Reduce memory load on the system
#   Increase physical memory or swap space
#   Check if swap backing store is full
#   Decrease Java heap size (-Xmx/-Xms)
#   Decrease number of Java threads
#   Decrease Java thread stack sizes (-Xss)
#   Set larger code cache with -XX:ReservedCodeCacheSize=
#   JVM is running with Zero Based Compressed Oops mode in which the Java heap is
#     placed in the first 32GB address space. The Java Heap base address is the
#     maximum limit for the native heap growth. Please use -XX:HeapBaseMinAddress
#     to set the Java Heap base and to place the Java Heap above 32GB virtual address.
# This output file may be truncated or incomplete.
#
#  Out of Memory Error (arena.cpp:189), pid=6264, tid=18280
#
# JRE version: Java(TM) SE Runtime Environment (17.0.11+7) (build 17.0.11+7-LTS-207)
# Java VM: Java HotSpot(TM) 64-Bit Server VM (17.0.11+7-LTS-207, mixed mode, sharing, tiered, compressed oops, compressed class ptrs, g1 gc, windows-amd64)
# No core dump will be written. Minidumps are not enabled by default on client versions of Windows
#

---------------  S U M M A R Y ------------

Command Line: -XX:+ShowCodeDetailsInExceptionMessages -Dspring.jmx.enabled=true -Dmanagement.endpoints.jmx.exposure.include=* -Dspring.application.admin.enabled=true -Dspring.boot.project.name=fidelizacao -Djava.rmi.server.hostname=localhost -Dcom.sun.management.jmxremote.port=45556 -Dcom.sun.management.jmxremote.authenticate=false -Dcom.sun.management.jmxremote.ssl=false com.cleyton.fidelizacao.FidelizacaoApplication

Host: Intel(R) Core(TM) i7-7600U CPU @ 2.80GHz, 4 cores, 15G,  Windows 10 , 64 bit Build 19041 (10.0.19041.5198)
Time: Tue Dec 24 17:21:57 2024 South Africa Standard Time elapsed time: 0.450195 seconds (0d 0h 0m 0s)

---------------  T H R E A D  ---------------

Current thread (0x000001fde7af77d0):  JavaThread "C2 CompilerThread0" daemon [_thread_in_native, id=18280, stack(0x000000282e100000,0x000000282e200000)]


Current CompileTask:
C2:    450  652       4       java.util.HashMap::put (13 bytes)

Stack: [0x000000282e100000,0x000000282e200000]
Native frames: (J=compiled Java code, j=interpreted, Vv=VM code, C=native code)
V  [jvm.dll+0x679cca]
V  [jvm.dll+0x7da13d]
V  [jvm.dll+0x7dba83]
V  [jvm.dll+0x7dc0f3]
V  [jvm.dll+0x2449af]
V  [jvm.dll+0xab83b]
V  [jvm.dll+0xabe1c]
V  [jvm.dll+0x36155f]
V  [jvm.dll+0x1b9a64]
V  [jvm.dll+0x216337]
V  [jvm.dll+0x21560f]
V  [jvm.dll+0x1a2040]
V  [jvm.dll+0x225a2b]
V  [jvm.dll+0x223bcb]
V  [jvm.dll+0x7903ec]
V  [jvm.dll+0x78a85a]
V  [jvm.dll+0x678bb5]
C  [ucrtbase.dll+0x21bb2]
C  [KERNEL32.DLL+0x17374]
C  [ntdll.dll+0x4cc91]


---------------  P R O C E S S  ---------------

Threads class SMR info:
_java_thread_list=0x000001fdec1dd5c0, length=13, elements={
0x000001fdc5829e20, 0x000001fde7ad5130, 0x000001fde7ad8760, 0x000001fde7ae9d80,
0x000001fde7aea940, 0x000001fde7aebca0, 0x000001fde7af2e40, 0x000001fde7af77d0,
0x000001fde7af8a20, 0x000001fde7b08f20, 0x000001fdec0a2670, 0x000001fdec15b5a0,
0x000001fdec1cfbd0
}

Java Threads: ( => current thread )
  0x000001fdc5829e20 JavaThread "main" [_thread_in_Java, id=17128, stack(0x000000282d400000,0x000000282d500000)]
  0x000001fde7ad5130 JavaThread "Reference Handler" daemon [_thread_blocked, id=20680, stack(0x000000282db00000,0x000000282dc00000)]
  0x000001fde7ad8760 JavaThread "Finalizer" daemon [_thread_blocked, id=1648, stack(0x000000282dc00000,0x000000282dd00000)]
  0x000001fde7ae9d80 JavaThread "Signal Dispatcher" daemon [_thread_blocked, id=18852, stack(0x000000282dd00000,0x000000282de00000)]
  0x000001fde7aea940 JavaThread "Attach Listener" daemon [_thread_blocked, id=15532, stack(0x000000282de00000,0x000000282df00000)]
  0x000001fde7aebca0 JavaThread "Service Thread" daemon [_thread_blocked, id=22536, stack(0x000000282df00000,0x000000282e000000)]
  0x000001fde7af2e40 JavaThread "Monitor Deflation Thread" daemon [_thread_blocked, id=10376, stack(0x000000282e000000,0x000000282e100000)]
=>0x000001fde7af77d0 JavaThread "C2 CompilerThread0" daemon [_thread_in_native, id=18280, stack(0x000000282e100000,0x000000282e200000)]
  0x000001fde7af8a20 JavaThread "C1 CompilerThread0" daemon [_thread_blocked, id=14572, stack(0x000000282e200000,0x000000282e300000)]
  0x000001fde7b08f20 JavaThread "Sweeper thread" daemon [_thread_blocked, id=11628, stack(0x000000282e300000,0x000000282e400000)]
  0x000001fdec0a2670 JavaThread "Common-Cleaner" daemon [_thread_blocked, id=14452, stack(0x000000282e400000,0x000000282e500000)]
  0x000001fdec15b5a0 JavaThread "Notification Thread" daemon [_thread_blocked, id=1804, stack(0x000000282e500000,0x000000282e600000)]
  0x000001fdec1cfbd0 JavaThread "C2 CompilerThread1" daemon [_thread_blocked, id=23544, stack(0x000000282e600000,0x000000282e700000)]

Other Threads:
  0x000001fde7acfd80 VMThread "VM Thread" [stack: 0x000000282da00000,0x000000282db00000] [id=23328]
  0x000001fdc589b5c0 GCTaskThread "GC Thread#0" [stack: 0x000000282d500000,0x000000282d600000] [id=23220]
  0x000001fdec631850 GCTaskThread "GC Thread#1" [stack: 0x000000282e700000,0x000000282e800000] [id=17112]
  0x000001fdec631b10 GCTaskThread "GC Thread#2" [stack: 0x000000282e800000,0x000000282e900000] [id=16380]
  0x000001fdec72e7d0 GCTaskThread "GC Thread#3" [stack: 0x000000282e900000,0x000000282ea00000] [id=22540]
  0x000001fdc58abf60 ConcurrentGCThread "G1 Main Marker" [stack: 0x000000282d600000,0x000000282d700000] [id=18024]
  0x000001fdc58ae120 ConcurrentGCThread "G1 Conc#0" [stack: 0x000000282d700000,0x000000282d800000] [id=22172]
  0x000001fdc58f2bb0 ConcurrentGCThread "G1 Refine#0" [stack: 0x000000282d800000,0x000000282d900000] [id=12552]
  0x000001fde7992720 ConcurrentGCThread "G1 Service" [stack: 0x000000282d900000,0x000000282da00000] [id=14900]

Threads with active compile tasks:
C2 CompilerThread0      487  652       4       java.util.HashMap::put (13 bytes)

VM state: not at safepoint (normal execution)

VM Mutex/Monitor currently owned by a thread: None

Heap address: 0x0000000705a00000, size: 4006 MB, Compressed Oops mode: Zero based, Oop shift amount: 3

CDS archive(s) mapped at: [0x000001fd80000000-0x000001fd80bd0000-0x000001fd80bd0000), size 12386304, SharedBaseAddress: 0x000001fd80000000, ArchiveRelocationMode: 1.
Compressed class space mapped at: 0x000001fd81000000-0x000001fdc1000000, reserved size: 1073741824
Narrow klass base: 0x000001fd80000000, Narrow klass shift: 0, Narrow klass range: 0x100000000

GC Precious Log:
 CPUs: 4 total, 4 available
 Memory: 16017M
 Large Page Support: Disabled
 NUMA Support: Disabled
 Compressed Oops: Enabled (Zero based)
 Heap Region Size: 2M
 Heap Min Capacity: 8M
 Heap Initial Capacity: 252M
 Heap Max Capacity: 4006M
 Pre-touch: Disabled
 Parallel Workers: 4
 Concurrent Workers: 1
 Concurrent Refinement Workers: 4
 Periodic GC: Disabled

Heap:
 garbage-first heap   total 258048K, used 6750K [0x0000000705a00000, 0x0000000800000000)
  region size 2048K, 2 young (4096K), 1 survivors (2048K)
 Metaspace       used 3004K, committed 3136K, reserved 1114112K
  class space    used 310K, committed 384K, reserved 1048576K

Heap Regions: E=young(eden), S=young(survivor), O=old, HS=humongous(starts), HC=humongous(continues), CS=collection set, F=free, OA=open archive, CA=closed archive, TAMS=top-at-mark-start (previous, next)
|   0|0x0000000705a00000, 0x0000000705c00000, 0x0000000705c00000|100%| O|  |TAMS 0x0000000705a00000, 0x0000000705a00000| Untracked 
|   1|0x0000000705c00000, 0x0000000705e00000, 0x0000000705e00000|100%| O|  |TAMS 0x0000000705c00000, 0x0000000705c00000| Untracked 
|   2|0x0000000705e00000, 0x0000000705e97a00, 0x0000000706000000| 29%| O|  |TAMS 0x0000000705e00000, 0x0000000705e00000| Untracked 
|   3|0x0000000706000000, 0x0000000706000000, 0x0000000706200000|  0%| F|  |TAMS 0x0000000706000000, 0x0000000706000000| Untracked 
|   4|0x0000000706200000, 0x0000000706200000, 0x0000000706400000|  0%| F|  |TAMS 0x0000000706200000, 0x0000000706200000| Untracked 
|   5|0x0000000706400000, 0x0000000706400000, 0x0000000706600000|  0%| F|  |TAMS 0x0000000706400000, 0x0000000706400000| Untracked 
|   6|0x0000000706600000, 0x0000000706600000, 0x0000000706800000|  0%| F|  |TAMS 0x0000000706600000, 0x0000000706600000| Untracked 
|   7|0x0000000706800000, 0x0000000706800000, 0x0000000706a00000|  0%| F|  |TAMS 0x0000000706800000, 0x0000000706800000| Untracked 
|   8|0x0000000706a00000, 0x0000000706a00000, 0x0000000706c00000|  0%| F|  |TAMS 0x0000000706a00000, 0x0000000706a00000| Untracked 
|   9|0x0000000706c00000, 0x0000000706c00000, 0x0000000706e00000|  0%| F|  |TAMS 0x0000000706c00000, 0x0000000706c00000| Untracked 
|  10|0x0000000706e00000, 0x0000000706e00000, 0x0000000707000000|  0%| F|  |TAMS 0x0000000706e00000, 0x0000000706e00000| Untracked 
|  11|0x0000000707000000, 0x0000000707000000, 0x0000000707200000|  0%| F|  |TAMS 0x0000000707000000, 0x0000000707000000| Untracked 
|  12|0x0000000707200000, 0x0000000707200000, 0x0000000707400000|  0%| F|  |TAMS 0x0000000707200000, 0x0000000707200000| Untracked 
|  13|0x0000000707400000, 0x0000000707400000, 0x0000000707600000|  0%| F|  |TAMS 0x0000000707400000, 0x0000000707400000| Untracked 
|  14|0x0000000707600000, 0x0000000707600000, 0x0000000707800000|  0%| F|  |TAMS 0x0000000707600000, 0x0000000707600000| Untracked 
|  15|0x0000000707800000, 0x0000000707800000, 0x0000000707a00000|  0%| F|  |TAMS 0x0000000707800000, 0x0000000707800000| Untracked 
|  16|0x0000000707a00000, 0x0000000707a00000, 0x0000000707c00000|  0%| F|  |TAMS 0x0000000707a00000, 0x0000000707a00000| Untracked 
|  17|0x0000000707c00000, 0x0000000707c00000, 0x0000000707e00000|  0%| F|  |TAMS 0x0000000707c00000, 0x0000000707c00000| Untracked 
|  18|0x0000000707e00000, 0x0000000707e00000, 0x0000000708000000|  0%| F|  |TAMS 0x0000000707e00000, 0x0000000707e00000| Untracked 
|  19|0x0000000708000000, 0x0000000708000000, 0x0000000708200000|  0%| F|  |TAMS 0x0000000708000000, 0x0000000708000000| Untracked 
|  20|0x0000000708200000, 0x0000000708200000, 0x0000000708400000|  0%| F|  |TAMS 0x0000000708200000, 0x0000000708200000| Untracked 
|  21|0x0000000708400000, 0x0000000708400000, 0x0000000708600000|  0%| F|  |TAMS 0x0000000708400000, 0x0000000708400000| Untracked 
|  22|0x0000000708600000, 0x0000000708600000, 0x0000000708800000|  0%| F|  |TAMS 0x0000000708600000, 0x0000000708600000| Untracked 
|  23|0x0000000708800000, 0x0000000708800000, 0x0000000708a00000|  0%| F|  |TAMS 0x0000000708800000, 0x0000000708800000| Untracked 
|  24|0x0000000708a00000, 0x0000000708a00000, 0x0000000708c00000|  0%| F|  |TAMS 0x0000000708a00000, 0x0000000708a00000| Untracked 
|  25|0x0000000708c00000, 0x0000000708c00000, 0x0000000708e00000|  0%| F|  |TAMS 0x0000000708c00000, 0x0000000708c00000| Untracked 
|  26|0x0000000708e00000, 0x0000000708e00000, 0x0000000709000000|  0%| F|  |TAMS 0x0000000708e00000, 0x0000000708e00000| Untracked 
|  27|0x0000000709000000, 0x0000000709000000, 0x0000000709200000|  0%| F|  |TAMS 0x0000000709000000, 0x0000000709000000| Untracked 
|  28|0x0000000709200000, 0x0000000709200000, 0x0000000709400000|  0%| F|  |TAMS 0x0000000709200000, 0x0000000709200000| Untracked 
|  29|0x0000000709400000, 0x0000000709400000, 0x0000000709600000|  0%| F|  |TAMS 0x0000000709400000, 0x0000000709400000| Untracked 
|  30|0x0000000709600000, 0x0000000709600000, 0x0000000709800000|  0%| F|  |TAMS 0x0000000709600000, 0x0000000709600000| Untracked 
|  31|0x0000000709800000, 0x0000000709800000, 0x0000000709a00000|  0%| F|  |TAMS 0x0000000709800000, 0x0000000709800000| Untracked 
|  32|0x0000000709a00000, 0x0000000709a00000, 0x0000000709c00000|  0%| F|  |TAMS 0x0000000709a00000, 0x0000000709a00000| Untracked 
|  33|0x0000000709c00000, 0x0000000709c00000, 0x0000000709e00000|  0%| F|  |TAMS 0x0000000709c00000, 0x0000000709c00000| Untracked 
|  34|0x0000000709e00000, 0x0000000709e00000, 0x000000070a000000|  0%| F|  |TAMS 0x0000000709e00000, 0x0000000709e00000| Untracked 
|  35|0x000000070a000000, 0x000000070a000000, 0x000000070a200000|  0%| F|  |TAMS 0x000000070a000000, 0x000000070a000000| Untracked 
|  36|0x000000070a200000, 0x000000070a200000, 0x000000070a400000|  0%| F|  |TAMS 0x000000070a200000, 0x000000070a200000| Untracked 
|  37|0x000000070a400000, 0x000000070a400000, 0x000000070a600000|  0%| F|  |TAMS 0x000000070a400000, 0x000000070a400000| Untracked 
|  38|0x000000070a600000, 0x000000070a600000, 0x000000070a800000|  0%| F|  |TAMS 0x000000070a600000, 0x000000070a600000| Untracked 
|  39|0x000000070a800000, 0x000000070a800000, 0x000000070aa00000|  0%| F|  |TAMS 0x000000070a800000, 0x000000070a800000| Untracked 
|  40|0x000000070aa00000, 0x000000070aa00000, 0x000000070ac00000|  0%| F|  |TAMS 0x000000070aa00000, 0x000000070aa00000| Untracked 
|  41|0x000000070ac00000, 0x000000070ac00000, 0x000000070ae00000|  0%| F|  |TAMS 0x000000070ac00000, 0x000000070ac00000| Untracked 
|  42|0x000000070ae00000, 0x000000070ae00000, 0x000000070b000000|  0%| F|  |TAMS 0x000000070ae00000, 0x000000070ae00000| Untracked 
|  43|0x000000070b000000, 0x000000070b000000, 0x000000070b200000|  0%| F|  |TAMS 0x000000070b000000, 0x000000070b000000| Untracked 
|  44|0x000000070b200000, 0x000000070b200000, 0x000000070b400000|  0%| F|  |TAMS 0x000000070b200000, 0x000000070b200000| Untracked 
|  45|0x000000070b400000, 0x000000070b400000, 0x000000070b600000|  0%| F|  |TAMS 0x000000070b400000, 0x000000070b400000| Untracked 
|  46|0x000000070b600000, 0x000000070b600000, 0x000000070b800000|  0%| F|  |TAMS 0x000000070b600000, 0x000000070b600000| Untracked 
|  47|0x000000070b800000, 0x000000070b800000, 0x000000070ba00000|  0%| F|  |TAMS 0x000000070b800000, 0x000000070b800000| Untracked 
|  48|0x000000070ba00000, 0x000000070ba00000, 0x000000070bc00000|  0%| F|  |TAMS 0x000000070ba00000, 0x000000070ba00000| Untracked 
|  49|0x000000070bc00000, 0x000000070bc00000, 0x000000070be00000|  0%| F|  |TAMS 0x000000070bc00000, 0x000000070bc00000| Untracked 
|  50|0x000000070be00000, 0x000000070be00000, 0x000000070c000000|  0%| F|  |TAMS 0x000000070be00000, 0x000000070be00000| Untracked 
|  51|0x000000070c000000, 0x000000070c000000, 0x000000070c200000|  0%| F|  |TAMS 0x000000070c000000, 0x000000070c000000| Untracked 
|  52|0x000000070c200000, 0x000000070c200000, 0x000000070c400000|  0%| F|  |TAMS 0x000000070c200000, 0x000000070c200000| Untracked 
|  53|0x000000070c400000, 0x000000070c400000, 0x000000070c600000|  0%| F|  |TAMS 0x000000070c400000, 0x000000070c400000| Untracked 
|  54|0x000000070c600000, 0x000000070c600000, 0x000000070c800000|  0%| F|  |TAMS 0x000000070c600000, 0x000000070c600000| Untracked 
|  55|0x000000070c800000, 0x000000070c800000, 0x000000070ca00000|  0%| F|  |TAMS 0x000000070c800000, 0x000000070c800000| Untracked 
|  56|0x000000070ca00000, 0x000000070ca00000, 0x000000070cc00000|  0%| F|  |TAMS 0x000000070ca00000, 0x000000070ca00000| Untracked 
|  57|0x000000070cc00000, 0x000000070cc00000, 0x000000070ce00000|  0%| F|  |TAMS 0x000000070cc00000, 0x000000070cc00000| Untracked 
|  58|0x000000070ce00000, 0x000000070ce00000, 0x000000070d000000|  0%| F|  |TAMS 0x000000070ce00000, 0x000000070ce00000| Untracked 
|  59|0x000000070d000000, 0x000000070d000000, 0x000000070d200000|  0%| F|  |TAMS 0x000000070d000000, 0x000000070d000000| Untracked 
|  60|0x000000070d200000, 0x000000070d200000, 0x000000070d400000|  0%| F|  |TAMS 0x000000070d200000, 0x000000070d200000| Untracked 
|  61|0x000000070d400000, 0x000000070d400000, 0x000000070d600000|  0%| F|  |TAMS 0x000000070d400000, 0x000000070d400000| Untracked 
|  62|0x000000070d600000, 0x000000070d600000, 0x000000070d800000|  0%| F|  |TAMS 0x000000070d600000, 0x000000070d600000| Untracked 
|  63|0x000000070d800000, 0x000000070d800000, 0x000000070da00000|  0%| F|  |TAMS 0x000000070d800000, 0x000000070d800000| Untracked 
|  64|0x000000070da00000, 0x000000070da00000, 0x000000070dc00000|  0%| F|  |TAMS 0x000000070da00000, 0x000000070da00000| Untracked 
|  65|0x000000070dc00000, 0x000000070dc00000, 0x000000070de00000|  0%| F|  |TAMS 0x000000070dc00000, 0x000000070dc00000| Untracked 
|  66|0x000000070de00000, 0x000000070de00000, 0x000000070e000000|  0%| F|  |TAMS 0x000000070de00000, 0x000000070de00000| Untracked 
|  67|0x000000070e000000, 0x000000070e000000, 0x000000070e200000|  0%| F|  |TAMS 0x000000070e000000, 0x000000070e000000| Untracked 
|  68|0x000000070e200000, 0x000000070e200000, 0x000000070e400000|  0%| F|  |TAMS 0x000000070e200000, 0x000000070e200000| Untracked 
|  69|0x000000070e400000, 0x000000070e400000, 0x000000070e600000|  0%| F|  |TAMS 0x000000070e400000, 0x000000070e400000| Untracked 
|  70|0x000000070e600000, 0x000000070e600000, 0x000000070e800000|  0%| F|  |TAMS 0x000000070e600000, 0x000000070e600000| Untracked 
|  71|0x000000070e800000, 0x000000070e800000, 0x000000070ea00000|  0%| F|  |TAMS 0x000000070e800000, 0x000000070e800000| Untracked 
|  72|0x000000070ea00000, 0x000000070ea00000, 0x000000070ec00000|  0%| F|  |TAMS 0x000000070ea00000, 0x000000070ea00000| Untracked 
|  73|0x000000070ec00000, 0x000000070ec00000, 0x000000070ee00000|  0%| F|  |TAMS 0x000000070ec00000, 0x000000070ec00000| Untracked 
|  74|0x000000070ee00000, 0x000000070ee00000, 0x000000070f000000|  0%| F|  |TAMS 0x000000070ee00000, 0x000000070ee00000| Untracked 
|  75|0x000000070f000000, 0x000000070f000000, 0x000000070f200000|  0%| F|  |TAMS 0x000000070f000000, 0x000000070f000000| Untracked 
|  76|0x000000070f200000, 0x000000070f200000, 0x000000070f400000|  0%| F|  |TAMS 0x000000070f200000, 0x000000070f200000| Untracked 
|  77|0x000000070f400000, 0x000000070f400000, 0x000000070f600000|  0%| F|  |TAMS 0x000000070f400000, 0x000000070f400000| Untracked 
|  78|0x000000070f600000, 0x000000070f600000, 0x000000070f800000|  0%| F|  |TAMS 0x000000070f600000, 0x000000070f600000| Untracked 
|  79|0x000000070f800000, 0x000000070f800000, 0x000000070fa00000|  0%| F|  |TAMS 0x000000070f800000, 0x000000070f800000| Untracked 
|  80|0x000000070fa00000, 0x000000070fa00000, 0x000000070fc00000|  0%| F|  |TAMS 0x000000070fa00000, 0x000000070fa00000| Untracked 
|  81|0x000000070fc00000, 0x000000070fc00000, 0x000000070fe00000|  0%| F|  |TAMS 0x000000070fc00000, 0x000000070fc00000| Untracked 
|  82|0x000000070fe00000, 0x000000070fe00000, 0x0000000710000000|  0%| F|  |TAMS 0x000000070fe00000, 0x000000070fe00000| Untracked 
|  83|0x0000000710000000, 0x0000000710000000, 0x0000000710200000|  0%| F|  |TAMS 0x0000000710000000, 0x0000000710000000| Untracked 
|  84|0x0000000710200000, 0x0000000710200000, 0x0000000710400000|  0%| F|  |TAMS 0x0000000710200000, 0x0000000710200000| Untracked 
|  85|0x0000000710400000, 0x0000000710400000, 0x0000000710600000|  0%| F|  |TAMS 0x0000000710400000, 0x0000000710400000| Untracked 
|  86|0x0000000710600000, 0x0000000710600000, 0x0000000710800000|  0%| F|  |TAMS 0x0000000710600000, 0x0000000710600000| Untracked 
|  87|0x0000000710800000, 0x0000000710800000, 0x0000000710a00000|  0%| F|  |TAMS 0x0000000710800000, 0x0000000710800000| Untracked 
|  88|0x0000000710a00000, 0x0000000710a00000, 0x0000000710c00000|  0%| F|  |TAMS 0x0000000710a00000, 0x0000000710a00000| Untracked 
|  89|0x0000000710c00000, 0x0000000710c00000, 0x0000000710e00000|  0%| F|  |TAMS 0x0000000710c00000, 0x0000000710c00000| Untracked 
|  90|0x0000000710e00000, 0x0000000710e00000, 0x0000000711000000|  0%| F|  |TAMS 0x0000000710e00000, 0x0000000710e00000| Untracked 
|  91|0x0000000711000000, 0x0000000711000000, 0x0000000711200000|  0%| F|  |TAMS 0x0000000711000000, 0x0000000711000000| Untracked 
|  92|0x0000000711200000, 0x0000000711200000, 0x0000000711400000|  0%| F|  |TAMS 0x0000000711200000, 0x0000000711200000| Untracked 
|  93|0x0000000711400000, 0x0000000711400000, 0x0000000711600000|  0%| F|  |TAMS 0x0000000711400000, 0x0000000711400000| Untracked 
|  94|0x0000000711600000, 0x0000000711600000, 0x0000000711800000|  0%| F|  |TAMS 0x0000000711600000, 0x0000000711600000| Untracked 
|  95|0x0000000711800000, 0x0000000711800000, 0x0000000711a00000|  0%| F|  |TAMS 0x0000000711800000, 0x0000000711800000| Untracked 
|  96|0x0000000711a00000, 0x0000000711a00000, 0x0000000711c00000|  0%| F|  |TAMS 0x0000000711a00000, 0x0000000711a00000| Untracked 
|  97|0x0000000711c00000, 0x0000000711c00000, 0x0000000711e00000|  0%| F|  |TAMS 0x0000000711c00000, 0x0000000711c00000| Untracked 
|  98|0x0000000711e00000, 0x0000000711e00000, 0x0000000712000000|  0%| F|  |TAMS 0x0000000711e00000, 0x0000000711e00000| Untracked 
|  99|0x0000000712000000, 0x0000000712000000, 0x0000000712200000|  0%| F|  |TAMS 0x0000000712000000, 0x0000000712000000| Untracked 
| 100|0x0000000712200000, 0x0000000712200000, 0x0000000712400000|  0%| F|  |TAMS 0x0000000712200000, 0x0000000712200000| Untracked 
| 101|0x0000000712400000, 0x0000000712400000, 0x0000000712600000|  0%| F|  |TAMS 0x0000000712400000, 0x0000000712400000| Untracked 
| 102|0x0000000712600000, 0x0000000712600000, 0x0000000712800000|  0%| F|  |TAMS 0x0000000712600000, 0x0000000712600000| Untracked 
| 103|0x0000000712800000, 0x0000000712800000, 0x0000000712a00000|  0%| F|  |TAMS 0x0000000712800000, 0x0000000712800000| Untracked 
| 104|0x0000000712a00000, 0x0000000712a00000, 0x0000000712c00000|  0%| F|  |TAMS 0x0000000712a00000, 0x0000000712a00000| Untracked 
| 105|0x0000000712c00000, 0x0000000712c00000, 0x0000000712e00000|  0%| F|  |TAMS 0x0000000712c00000, 0x0000000712c00000| Untracked 
| 106|0x0000000712e00000, 0x0000000712e00000, 0x0000000713000000|  0%| F|  |TAMS 0x0000000712e00000, 0x0000000712e00000| Untracked 
| 107|0x0000000713000000, 0x0000000713000000, 0x0000000713200000|  0%| F|  |TAMS 0x0000000713000000, 0x0000000713000000| Untracked 
| 108|0x0000000713200000, 0x0000000713200000, 0x0000000713400000|  0%| F|  |TAMS 0x0000000713200000, 0x0000000713200000| Untracked 
| 109|0x0000000713400000, 0x0000000713400000, 0x0000000713600000|  0%| F|  |TAMS 0x0000000713400000, 0x0000000713400000| Untracked 
| 110|0x0000000713600000, 0x0000000713600000, 0x0000000713800000|  0%| F|  |TAMS 0x0000000713600000, 0x0000000713600000| Untracked 
| 111|0x0000000713800000, 0x0000000713800000, 0x0000000713a00000|  0%| F|  |TAMS 0x0000000713800000, 0x0000000713800000| Untracked 
| 112|0x0000000713a00000, 0x0000000713a00000, 0x0000000713c00000|  0%| F|  |TAMS 0x0000000713a00000, 0x0000000713a00000| Untracked 
| 113|0x0000000713c00000, 0x0000000713c00000, 0x0000000713e00000|  0%| F|  |TAMS 0x0000000713c00000, 0x0000000713c00000| Untracked 
| 114|0x0000000713e00000, 0x0000000713e00000, 0x0000000714000000|  0%| F|  |TAMS 0x0000000713e00000, 0x0000000713e00000| Untracked 
| 115|0x0000000714000000, 0x0000000714000000, 0x0000000714200000|  0%| F|  |TAMS 0x0000000714000000, 0x0000000714000000| Untracked 
| 116|0x0000000714200000, 0x0000000714200000, 0x0000000714400000|  0%| F|  |TAMS 0x0000000714200000, 0x0000000714200000| Untracked 
| 117|0x0000000714400000, 0x0000000714400000, 0x0000000714600000|  0%| F|  |TAMS 0x0000000714400000, 0x0000000714400000| Untracked 
| 118|0x0000000714600000, 0x0000000714600000, 0x0000000714800000|  0%| F|  |TAMS 0x0000000714600000, 0x0000000714600000| Untracked 
| 119|0x0000000714800000, 0x0000000714a00000, 0x0000000714a00000|100%| S|CS|TAMS 0x0000000714800000, 0x0000000714800000| Complete 
| 120|0x0000000714a00000, 0x0000000714a00000, 0x0000000714c00000|  0%| F|  |TAMS 0x0000000714a00000, 0x0000000714a00000| Untracked 
| 121|0x0000000714c00000, 0x0000000714c00000, 0x0000000714e00000|  0%| F|  |TAMS 0x0000000714c00000, 0x0000000714c00000| Untracked 
| 122|0x0000000714e00000, 0x0000000714e00000, 0x0000000715000000|  0%| F|  |TAMS 0x0000000714e00000, 0x0000000714e00000| Untracked 
| 123|0x0000000715000000, 0x0000000715000000, 0x0000000715200000|  0%| F|  |TAMS 0x0000000715000000, 0x0000000715000000| Untracked 
| 124|0x0000000715200000, 0x0000000715200000, 0x0000000715400000|  0%| F|  |TAMS 0x0000000715200000, 0x0000000715200000| Untracked 
| 125|0x0000000715400000, 0x000000071547e470, 0x0000000715600000| 24%| E|  |TAMS 0x0000000715400000, 0x0000000715400000| Complete 

Card table byte_map: [0x000001fddc8d0000,0x000001fddd0b0000] _byte_map_base: 0x000001fdd90a3000

Marking Bits (Prev, Next): (CMBitMap*) 0x000001fdc589bbe0, (CMBitMap*) 0x000001fdc589bc20
 Prev Bits: [0x000001fddd890000, 0x000001fde1728000)
 Next Bits: [0x000001fde1730000, 0x000001fde55c8000)

Polling page: 0x000001fdc5000000

Metaspace:

Usage:
  Non-class:      2.65 MB used.
      Class:    314.40 KB used.
       Both:      2.96 MB used.

Virtual space:
  Non-class space:       64.00 MB reserved,       2.69 MB (  4%) committed,  1 nodes.
      Class space:        1.00 GB reserved,     384.00 KB ( <1%) committed,  1 nodes.
             Both:        1.06 GB reserved,       3.06 MB ( <1%) committed. 

Chunk freelists:
   Non-Class:  11.94 MB
       Class:  15.59 MB
        Both:  27.53 MB

MaxMetaspaceSize: unlimited
CompressedClassSpaceSize: 1.00 GB
Initial GC threshold: 21.00 MB
Current GC threshold: 21.00 MB
CDS: on
MetaspaceReclaimPolicy: balanced
 - commit_granule_bytes: 65536.
 - commit_granule_words: 8192.
 - virtual_space_node_default_size: 8388608.
 - enlarge_chunks_in_place: 1.
 - new_chunks_are_fully_committed: 0.
 - uncommit_free_chunks: 1.
 - use_allocation_guard: 0.
 - handle_deallocations: 1.


Internal statistics:

num_allocs_failed_limit: 0.
num_arena_births: 64.
num_arena_deaths: 0.
num_vsnodes_births: 2.
num_vsnodes_deaths: 0.
num_space_committed: 49.
num_space_uncommitted: 0.
num_chunks_returned_to_freelist: 0.
num_chunks_taken_from_freelist: 69.
num_chunk_merges: 0.
num_chunk_splits: 49.
num_chunks_enlarged: 28.
num_inconsistent_stats: 0.

CodeHeap 'non-profiled nmethods': size=120000Kb used=223Kb max_used=223Kb free=119776Kb
 bounds [0x000001fdd4bc0000, 0x000001fdd4e30000, 0x000001fddc0f0000]
CodeHeap 'profiled nmethods': size=120000Kb used=1067Kb max_used=1067Kb free=118932Kb
 bounds [0x000001fdcd0f0000, 0x000001fdcd360000, 0x000001fdd4620000]
CodeHeap 'non-nmethods': size=5760Kb used=1143Kb max_used=1157Kb free=4616Kb
 bounds [0x000001fdd4620000, 0x000001fdd4890000, 0x000001fdd4bc0000]
 total_blobs=1149 nmethods=719 adapters=343
 compilation: enabled
              stopped_count=0, restarted_count=0
 full_count=0

Compilation events (20 events):
Event: 0.444 Thread 0x000001fde7af8a20 nmethod 688 0x000001fdcd1eb210 code [0x000001fdcd1eb4c0, 0x000001fdcd1ec638]
Event: 0.444 Thread 0x000001fde7af8a20  690       3       java.lang.reflect.Method::copy (84 bytes)
Event: 0.444 Thread 0x000001fde7af8a20 nmethod 690 0x000001fdcd1ecb90 code [0x000001fdcd1ecd60, 0x000001fdcd1ed1b8]
Event: 0.444 Thread 0x000001fde7af8a20  689       3       java.util.ArrayList::iterator (9 bytes)
Event: 0.445 Thread 0x000001fde7af8a20 nmethod 689 0x000001fdcd1ed310 code [0x000001fdcd1ed4c0, 0x000001fdcd1ed758]
Event: 0.445 Thread 0x000001fde7af8a20  694       3       java.util.TreeMap$KeySet::size (10 bytes)
Event: 0.445 Thread 0x000001fde7af8a20 nmethod 694 0x000001fdcd1ed890 code [0x000001fdcd1eda20, 0x000001fdcd1edb98]
Event: 0.445 Thread 0x000001fde7af8a20  695       3       java.util.TreeMap$Values::size (8 bytes)
Event: 0.445 Thread 0x000001fde7af8a20 nmethod 695 0x000001fdcd1edc90 code [0x000001fdcd1ede20, 0x000001fdcd1edf58]
Event: 0.445 Thread 0x000001fde7af8a20  692  s!   3       com.sun.jmx.mbeanserver.DefaultMXBeanMappingFactory::mappingForType (110 bytes)
Event: 0.446 Thread 0x000001fde7af8a20 nmethod 692 0x000001fdcd1ee010 code [0x000001fdcd1ee340, 0x000001fdcd1ef4c8]
Event: 0.446 Thread 0x000001fde7af8a20  696       3       java.util.Arrays::binarySearch0 (95 bytes)
Event: 0.446 Thread 0x000001fde7af8a20 nmethod 696 0x000001fdcd1efc10 code [0x000001fdcd1efde0, 0x000001fdcd1f0218]
Event: 0.446 Thread 0x000001fde7af8a20  697       3       java.util.Arrays::binarySearch (10 bytes)
Event: 0.446 Thread 0x000001fde7af8a20 nmethod 697 0x000001fdcd1f0390 code [0x000001fdcd1f0520, 0x000001fdcd1f0648]
Event: 0.446 Thread 0x000001fde7af8a20  691       3       java.lang.Class::isRecord (33 bytes)
Event: 0.446 Thread 0x000001fde7af8a20 nmethod 691 0x000001fdcd1f0710 code [0x000001fdcd1f08c0, 0x000001fdcd1f0b38]
Event: 0.446 Thread 0x000001fde7af8a20  693  s    3       com.sun.jmx.mbeanserver.DefaultMXBeanMappingFactory::getMapping (27 bytes)
Event: 0.447 Thread 0x000001fde7af8a20 nmethod 693 0x000001fdcd1f0c10 code [0x000001fdcd1f0de0, 0x000001fdcd1f1368]
Event: 0.447 Thread 0x000001fde7af8a20  698       3       java.util.LinkedHashMap$LinkedEntryIterator::next (5 bytes)

GC Heap History (2 events):
Event: 0.425 GC heap before
{Heap before GC invocations=0 (full 0):
 garbage-first heap   total 258048K, used 10240K [0x0000000705a00000, 0x0000000800000000)
  region size 2048K, 6 young (12288K), 0 survivors (0K)
 Metaspace       used 2640K, committed 2752K, reserved 1114112K
  class space    used 267K, committed 320K, reserved 1048576K
}
Event: 0.430 GC heap after
{Heap after GC invocations=1 (full 0):
 garbage-first heap   total 258048K, used 6750K [0x0000000705a00000, 0x0000000800000000)
  region size 2048K, 1 young (2048K), 1 survivors (2048K)
 Metaspace       used 2640K, committed 2752K, reserved 1114112K
  class space    used 267K, committed 320K, reserved 1048576K
}

Deoptimization events (12 events):
Event: 0.198 Thread 0x000001fdc5829e20 Uncommon trap: trap_request=0xffffff45 fr.pc=0x000001fdd4bce500 relative=0x0000000000000920
Event: 0.198 Thread 0x000001fdc5829e20 Uncommon trap: reason=unstable_if action=reinterpret pc=0x000001fdd4bce500 method=java.util.HashMap.putVal(ILjava/lang/Object;Ljava/lang/Object;ZZ)Ljava/lang/Object; @ 181 c2
Event: 0.198 Thread 0x000001fdc5829e20 DEOPT PACKING pc=0x000001fdd4bce500 sp=0x000000282d4fccb0
Event: 0.198 Thread 0x000001fdc5829e20 DEOPT UNPACKING pc=0x000001fdd46723a3 sp=0x000000282d4fcc60 mode 2
Event: 0.213 Thread 0x000001fdc5829e20 DEOPT PACKING pc=0x000001fdcd0f9f67 sp=0x000000282d4fc170
Event: 0.213 Thread 0x000001fdc5829e20 DEOPT UNPACKING pc=0x000001fdd4672b43 sp=0x000000282d4fb590 mode 0
Event: 0.223 Thread 0x000001fdc5829e20 DEOPT PACKING pc=0x000001fdcd0f8651 sp=0x000000282d4fc130
Event: 0.223 Thread 0x000001fdc5829e20 DEOPT UNPACKING pc=0x000001fdd4672b43 sp=0x000000282d4fb5a8 mode 0
Event: 0.296 Thread 0x000001fdc5829e20 DEOPT PACKING pc=0x000001fdcd14ab34 sp=0x000000282d4fc620
Event: 0.297 Thread 0x000001fdc5829e20 DEOPT UNPACKING pc=0x000001fdd4672b43 sp=0x000000282d4fbab8 mode 0
Event: 0.303 Thread 0x000001fdc5829e20 DEOPT PACKING pc=0x000001fdcd13695c sp=0x000000282d4fc440
Event: 0.303 Thread 0x000001fdc5829e20 DEOPT UNPACKING pc=0x000001fdd4672b43 sp=0x000000282d4fb900 mode 0

Classes unloaded (0 events):
No events

Classes redefined (0 events):
No events

Internal exceptions (6 events):
Event: 0.308 Thread 0x000001fdc5829e20 Exception <a 'java/lang/NoSuchMethodError'{0x0000000714de9d78}: 'java.lang.Object java.lang.invoke.DirectMethodHandle$Holder.invokeStaticInit(java.lang.Object)'> (0x0000000714de9d78) 
thrown [s\open\src\hotspot\share\interpreter\linkResolver.cpp, line 759]
Event: 0.324 Thread 0x000001fdc5829e20 Exception <a 'java/lang/NoSuchMethodError'{0x0000000714a38b10}: 'int java.lang.invoke.DirectMethodHandle$Holder.invokeInterface(java.lang.Object, java.lang.Object)'> (0x0000000714a38b10) 
thrown [s\open\src\hotspot\share\interpreter\linkResolver.cpp, line 759]
Event: 0.325 Thread 0x000001fdc5829e20 Exception <a 'java/lang/IncompatibleClassChangeError'{0x0000000714a3c110}: Found class java.lang.Object, but interface was expected> (0x0000000714a3c110) 
thrown [s\open\src\hotspot\share\interpreter\linkResolver.cpp, line 826]
Event: 0.326 Thread 0x000001fdc5829e20 Exception <a 'java/lang/NoSuchMethodError'{0x0000000714a41d50}: 'void java.lang.invoke.DirectMethodHandle$Holder.invokeStatic(java.lang.Object, java.lang.Object)'> (0x0000000714a41d50) 
thrown [s\open\src\hotspot\share\interpreter\linkResolver.cpp, line 759]
Event: 0.377 Thread 0x000001fdc5829e20 Exception <a 'java/lang/NoSuchMethodError'{0x0000000714b0efa0}: 'int java.lang.invoke.DirectMethodHandle$Holder.invokeSpecial(java.lang.Object, java.lang.Object, java.lang.Object)'> (0x0000000714b0efa0) 
thrown [s\open\src\hotspot\share\interpreter\linkResolver.cpp, line 759]
Event: 0.438 Thread 0x000001fdc5829e20 Exception <a 'java/lang/NoSuchMethodError'{0x0000000715410d48}: 'void java.lang.invoke.DirectMethodHandle$Holder.invokeStatic(java.lang.Object, java.lang.Object, java.lang.Object)'> (0x0000000715410d48) 
thrown [s\open\src\hotspot\share\interpreter\linkResolver.cpp, line 759]

VM Operations (4 events):
Event: 0.331 Executing VM operation: HandshakeAllThreads
Event: 0.331 Executing VM operation: HandshakeAllThreads done
Event: 0.425 Executing VM operation: G1CollectForAllocation
Event: 0.430 Executing VM operation: G1CollectForAllocation done

Events (20 events):
Event: 0.446 loading class javax/management/NotificationListener
Event: 0.446 loading class java/util/EventListener
Event: 0.446 loading class java/util/EventListener done
Event: 0.446 loading class javax/management/NotificationListener done
Event: 0.446 loading class javax/management/NotificationFilter
Event: 0.446 loading class javax/management/NotificationFilter done
Event: 0.446 loading class javax/management/ListenerNotFoundException
Event: 0.446 loading class javax/management/OperationsException
Event: 0.446 loading class javax/management/JMException
Event: 0.446 loading class javax/management/JMException done
Event: 0.446 loading class javax/management/OperationsException done
Event: 0.446 loading class javax/management/ListenerNotFoundException done
Event: 0.446 loading class jdk/jfr/Recording
Event: 0.446 loading class jdk/jfr/Recording done
Event: 0.446 loading class jdk/jfr/FlightRecorder
Event: 0.447 loading class jdk/jfr/FlightRecorder done
Event: 0.447 loading class jdk/management/jfr/FlightRecorderMXBeanImpl$MXBeanListener
Event: 0.447 loading class jdk/jfr/FlightRecorderListener
Event: 0.447 loading class jdk/jfr/FlightRecorderListener done
Event: 0.447 loading class jdk/management/jfr/FlightRecorderMXBeanImpl$MXBeanListener done


Dynamic libraries:
0x00007ff6ddfb0000 - 0x00007ff6ddfc0000 	C:\Program Files\Java\jdk-17\bin\java.exe
0x00007ffaae530000 - 0x00007ffaae728000 	C:\Windows\SYSTEM32\ntdll.dll
0x00007ffaac6b0000 - 0x00007ffaac772000 	C:\Windows\System32\KERNEL32.DLL
0x00007ffaabba0000 - 0x00007ffaabe9e000 	C:\Windows\System32\KERNELBASE.dll
0x00007ffaac090000 - 0x00007ffaac190000 	C:\Windows\System32\ucrtbase.dll
0x00007ffaa3950000 - 0x00007ffaa396b000 	C:\Program Files\Java\jdk-17\bin\VCRUNTIME140.dll
0x00007ffaa5ba0000 - 0x00007ffaa5bb9000 	C:\Program Files\Java\jdk-17\bin\jli.dll
0x00007ffaace40000 - 0x00007ffaacef1000 	C:\Windows\System32\ADVAPI32.dll
0x00007ffaacf10000 - 0x00007ffaacfae000 	C:\Windows\System32\msvcrt.dll
0x00007ffaad600000 - 0x00007ffaad69f000 	C:\Windows\System32\sechost.dll
0x00007ffaac780000 - 0x00007ffaac8a3000 	C:\Windows\System32\RPCRT4.dll
0x00007ffaac4a0000 - 0x00007ffaac4c7000 	C:\Windows\System32\bcrypt.dll
0x00007ffaada00000 - 0x00007ffaadb9d000 	C:\Windows\System32\USER32.dll
0x00007ffa920f0000 - 0x00007ffa9238a000 	C:\Windows\WinSxS\amd64_microsoft.windows.common-controls_6595b64144ccf1df_6.0.19041.4355_none_60b8b9eb71f62e16\COMCTL32.dll
0x00007ffaac060000 - 0x00007ffaac082000 	C:\Windows\System32\win32u.dll
0x00007ffaacfb0000 - 0x00007ffaacfdb000 	C:\Windows\System32\GDI32.dll
0x00007ffaabf40000 - 0x00007ffaac057000 	C:\Windows\System32\gdi32full.dll
0x00007ffaabea0000 - 0x00007ffaabf3d000 	C:\Windows\System32\msvcp_win.dll
0x00007ffaa4e70000 - 0x00007ffaa4e7a000 	C:\Windows\SYSTEM32\VERSION.dll
0x00007ffaaca30000 - 0x00007ffaaca5f000 	C:\Windows\System32\IMM32.DLL
0x00007ffaa5610000 - 0x00007ffaa561c000 	C:\Program Files\Java\jdk-17\bin\vcruntime140_1.dll
0x00007ffa49610000 - 0x00007ffa4969e000 	C:\Program Files\Java\jdk-17\bin\msvcp140.dll
0x00007ffa21cf0000 - 0x00007ffa228d0000 	C:\Program Files\Java\jdk-17\bin\server\jvm.dll
0x00007ffaacad0000 - 0x00007ffaacad8000 	C:\Windows\System32\PSAPI.DLL
0x00007ffa8f240000 - 0x00007ffa8f249000 	C:\Windows\SYSTEM32\WSOCK32.dll
0x00007ffa93b90000 - 0x00007ffa93bb7000 	C:\Windows\SYSTEM32\WINMM.dll
0x00007ffaad500000 - 0x00007ffaad56b000 	C:\Windows\System32\WS2_32.dll
0x00007ffaaa380000 - 0x00007ffaaa392000 	C:\Windows\SYSTEM32\kernel.appcore.dll
0x00007ffa97110000 - 0x00007ffa9711a000 	C:\Program Files\Java\jdk-17\bin\jimage.dll
0x00007ffaa98c0000 - 0x00007ffaa9aa4000 	C:\Windows\SYSTEM32\DBGHELP.DLL
0x00007ffa97020000 - 0x00007ffa97054000 	C:\Windows\SYSTEM32\dbgcore.DLL
0x00007ffaac3a0000 - 0x00007ffaac422000 	C:\Windows\System32\bcryptPrimitives.dll
0x00007ffa91940000 - 0x00007ffa91965000 	C:\Program Files\Java\jdk-17\bin\java.dll
0x00007ffa3b9d0000 - 0x00007ffa3baa7000 	C:\Program Files\Java\jdk-17\bin\jsvml.dll
0x00007ffaadba0000 - 0x00007ffaae30d000 	C:\Windows\System32\SHELL32.dll
0x00007ffaa9bc0000 - 0x00007ffaaa364000 	C:\Windows\SYSTEM32\windows.storage.dll
0x00007ffaacae0000 - 0x00007ffaace33000 	C:\Windows\System32\combase.dll
0x00007ffaab420000 - 0x00007ffaab44e000 	C:\Windows\SYSTEM32\Wldp.dll
0x00007ffaae310000 - 0x00007ffaae3dd000 	C:\Windows\System32\OLEAUT32.dll
0x00007ffaad450000 - 0x00007ffaad4fd000 	C:\Windows\System32\SHCORE.dll
0x00007ffaaca70000 - 0x00007ffaacac5000 	C:\Windows\System32\shlwapi.dll
0x00007ffaabad0000 - 0x00007ffaabaf4000 	C:\Windows\SYSTEM32\profapi.dll
0x00007ffa94dc0000 - 0x00007ffa94dd9000 	C:\Program Files\Java\jdk-17\bin\net.dll
0x00007ffaa21d0000 - 0x00007ffaa22dd000 	C:\Windows\SYSTEM32\WINHTTP.dll
0x00007ffaab200000 - 0x00007ffaab26a000 	C:\Windows\system32\mswsock.dll
0x00007ffa91d80000 - 0x00007ffa91d96000 	C:\Program Files\Java\jdk-17\bin\nio.dll
0x00007ffa91920000 - 0x00007ffa91938000 	C:\Program Files\Java\jdk-17\bin\zip.dll
0x00007ffaa5bd0000 - 0x00007ffaa5bda000 	C:\Program Files\Java\jdk-17\bin\management.dll
0x00007ffaa5bc0000 - 0x00007ffaa5bcb000 	C:\Program Files\Java\jdk-17\bin\management_ext.dll
0x00007ffa84890000 - 0x00007ffa848a7000 	C:\Windows\system32\napinsp.dll
0x00007ffa84690000 - 0x00007ffa846ab000 	C:\Windows\system32\pnrpnsp.dll
0x00007ffaa64d0000 - 0x00007ffaa64e5000 	C:\Windows\system32\wshbth.dll
0x00007ffaa6590000 - 0x00007ffaa65ad000 	C:\Windows\system32\NLAapi.dll
0x00007ffaaaf00000 - 0x00007ffaaaf3b000 	C:\Windows\SYSTEM32\IPHLPAPI.DLL
0x00007ffaaaf40000 - 0x00007ffaab00a000 	C:\Windows\SYSTEM32\DNSAPI.dll
0x00007ffaacf00000 - 0x00007ffaacf08000 	C:\Windows\System32\NSI.dll
0x00007ffa84770000 - 0x00007ffa84782000 	C:\Windows\System32\winrnr.dll
0x00007ffaa4710000 - 0x00007ffaa471a000 	C:\Windows\System32\rasadhlp.dll
0x00007ffaa1730000 - 0x00007ffaa17b0000 	C:\Windows\System32\fwpuclnt.dll

dbghelp: loaded successfully - version: 4.0.5 - missing functions: none
symbol engine: initialized successfully - sym options: 0x614 - pdb path: .;C:\Program Files\Java\jdk-17\bin;C:\Windows\SYSTEM32;C:\Windows\WinSxS\amd64_microsoft.windows.common-controls_6595b64144ccf1df_6.0.19041.4355_none_60b8b9eb71f62e16;C:\Program Files\Java\jdk-17\bin\server

VM Arguments:
jvm_args: -XX:+ShowCodeDetailsInExceptionMessages -Dspring.jmx.enabled=true -Dmanagement.endpoints.jmx.exposure.include=* -Dspring.application.admin.enabled=true -Dspring.boot.project.name=fidelizacao -Djava.rmi.server.hostname=localhost -Dcom.sun.management.jmxremote.port=45556 -Dcom.sun.management.jmxremote.authenticate=false -Dcom.sun.management.jmxremote.ssl=false 
java_command: com.cleyton.fidelizacao.FidelizacaoApplication
java_class_path (initial): C:\Users\Cleyton\Documents\Fidelizacao_Clientes\fidelizacao\target\classes;C:\Users\Cleyton\.m2\repository\org\springframework\boot\spring-boot-starter-actuator\3.3.7\spring-boot-starter-actuator-3.3.7.jar;C:\Users\Cleyton\.m2\repository\org\springframework\boot\spring-boot-starter\3.3.7\spring-boot-starter-3.3.7.jar;C:\Users\Cleyton\.m2\repository\org\springframework\boot\spring-boot-starter-logging\3.3.7\spring-boot-starter-logging-3.3.7.jar;C:\Users\Cleyton\.m2\repository\ch\qos\logback\logback-classic\1.5.12\logback-classic-1.5.12.jar;C:\Users\Cleyton\.m2\repository\ch\qos\logback\logback-core\1.5.12\logback-core-1.5.12.jar;C:\Users\Cleyton\.m2\repository\org\apache\logging\log4j\log4j-to-slf4j\2.23.1\log4j-to-slf4j-2.23.1.jar;C:\Users\Cleyton\.m2\repository\org\apache\logging\log4j\log4j-api\2.23.1\log4j-api-2.23.1.jar;C:\Users\Cleyton\.m2\repository\org\slf4j\jul-to-slf4j\2.0.16\jul-to-slf4j-2.0.16.jar;C:\Users\Cleyton\.m2\repository\jakarta\annotation\jakarta.annotation-api\2.1.1\jakarta.annotation-api-2.1.1.jar;C:\Users\Cleyton\.m2\repository\org\yaml\snakeyaml\2.2\snakeyaml-2.2.jar;C:\Users\Cleyton\.m2\repository\org\springframework\boot\spring-boot-actuator-autoconfigure\3.3.7\spring-boot-actuator-autoconfigure-3.3.7.jar;C:\Users\Cleyton\.m2\repository\org\springframework\boot\spring-boot-actuator\3.3.7\spring-boot-actuator-3.3.7.jar;C:\Users\Cleyton\.m2\repository\com\fasterxml\jackson\datatype\jackson-datatype-jsr310\2.17.3\jackson-datatype-jsr310-2.17.3.jar;C:\Users\Cleyton\.m2\repository\io\micrometer\micrometer-observation\1.13.9\micrometer-observation-1.13.9.jar;C:\Users\Cleyton\.m2\repository\io\micrometer\micrometer-commons\1.13.9\micrometer-commons-1.13.9.jar;C:\Users\Cleyton\.m2\repository\io\micrometer\micrometer-jakarta9\1.13.9\micrometer-jakarta9-1.13.9.jar;C:\Users\Cleyton\.m2\repository\io\micrometer\micrometer-core\1.13.9\micrometer-core-1.13.9.jar;C:\Users\Cleyton\.m2\repository\org\hdrhistogram\HdrHistogram\2.
Launcher Type: SUN_STANDARD

[Global flags]
     intx CICompilerCount                          = 3                                         {product} {ergonomic}
     uint ConcGCThreads                            = 1                                         {product} {ergonomic}
     uint G1ConcRefinementThreads                  = 4                                         {product} {ergonomic}
   size_t G1HeapRegionSize                         = 2097152                                   {product} {ergonomic}
    uintx GCDrainStackTargetSize                   = 64                                        {product} {ergonomic}
   size_t InitialHeapSize                          = 264241152                                 {product} {ergonomic}
     bool ManagementServer                         = true                                      {product} {command line}
   size_t MarkStackSize                            = 4194304                                   {product} {ergonomic}
   size_t MaxHeapSize                              = 4200595456                                {product} {ergonomic}
   size_t MaxNewSize                               = 2518679552                                {product} {ergonomic}
   size_t MinHeapDeltaBytes                        = 2097152                                   {product} {ergonomic}
   size_t MinHeapSize                              = 8388608                                   {product} {ergonomic}
    uintx NonNMethodCodeHeapSize                   = 5832780                                {pd product} {ergonomic}
    uintx NonProfiledCodeHeapSize                  = 122912730                              {pd product} {ergonomic}
    uintx ProfiledCodeHeapSize                     = 122912730                              {pd product} {ergonomic}
    uintx ReservedCodeCacheSize                    = 251658240                              {pd product} {ergonomic}
     bool SegmentedCodeCache                       = true                                      {product} {ergonomic}
     bool ShowCodeDetailsInExceptionMessages       = true                                   {manageable} {command line}
   size_t SoftMaxHeapSize                          = 4200595456                             {manageable} {ergonomic}
     bool UseCompressedClassPointers               = true                           {product lp64_product} {ergonomic}
     bool UseCompressedOops                        = true                           {product lp64_product} {ergonomic}
     bool UseG1GC                                  = true                                      {product} {ergonomic}
     bool UseLargePagesIndividualAllocation        = false                                  {pd product} {ergonomic}

Logging:
Log output configuration:
 #0: stdout all=warning uptime,level,tags
 #1: stderr all=off uptime,level,tags

Environment Variables:
PATH=C:\Program Files\PowerShell\7;C:\Program Files\Common Files\Oracle\Java\javapath;C:\Windows\system32;C:\Windows;C:\Windows\System32\Wbem;C:\Windows\System32\WindowsPowerShell\v1.0\;C:\Windows\System32\OpenSSH\;C:\Program Files\Java\jdk-22\bin;C:\Program Files\Docker\Docker\resources\bin;C:\Program Files\dotnet\;C:\Program Files\PowerShell\7\;C:\Program Files\MySQL\MySQL Shell 8.0\bin\;C:\Users\Cleyton\AppData\Local\Microsoft\WindowsApps;C:\Users\Cleyton\AppData\Local\Programs\Microsoft VS Code\bin;C:\Program Files\Java\jdk-17\bin;
USERNAME=Cleyton
LANG=en_US.UTF-8
OS=Windows_NT
PROCESSOR_IDENTIFIER=Intel64 Family 6 Model 142 Stepping 9, GenuineIntel



---------------  S Y S T E M  ---------------

OS:
 Windows 10 , 64 bit Build 19041 (10.0.19041.5198)
OS uptime: 0 days 17:51 hours
Hyper-V role detected

CPU: total 4 (initial active 4) (2 cores per cpu, 2 threads per core) family 6 model 142 stepping 9 microcode 0xf4, cx8, cmov, fxsr, ht, mmx, 3dnowpref, sse, sse2, sse3, ssse3, sse4.1, sse4.2, popcnt, lzcnt, tsc, tscinvbit, avx, avx2, aes, erms, clmul, bmi1, bmi2, rtm, adx, fma, vzeroupper, clflush, clflushopt, hv

Memory: 4k page, system-wide physical 16017M (1780M free)
TotalPageFile size 21881M (AvailPageFile size 0M)
current process WorkingSet (physical memory assigned to process): 64M, peak: 64M
current process commit charge ("private bytes"): 340M, peak: 340M

vm_info: Java HotSpot(TM) 64-Bit Server VM (17.0.11+7-LTS-207) for windows-amd64 JRE (17.0.11+7-LTS-207), built on Mar 11 2024 19:01:50 by "mach5one" with MS VC++ 17.6 (VS2022)

END.
